[0.114s] Invoking command in '/home/chenzhibin/My_studyproject/ROS2_Tutorials/chapt2/ros2_ws1/build/examples_rclcpp_minimal_service': CMAKE_PREFIX_PATH=/opt/ros/humble /usr/bin/cmake /home/chenzhibin/My_studyproject/ROS2_Tutorials/chapt2/ros2_ws1/src/src/examples/rclcpp/services/minimal_service -DCMAKE_INSTALL_PREFIX=/home/chenzhibin/My_studyproject/ROS2_Tutorials/chapt2/ros2_ws1/install/examples_rclcpp_minimal_service
[1.944s] -- The C compiler identification is GNU 11.4.0
[1.945s] -- The CXX compiler identification is GNU 11.4.0
[1.945s] -- Detecting C compiler ABI info
[1.945s] -- Detecting C compiler ABI info - done
[1.945s] -- Check for working C compiler: /usr/bin/cc - skipped
[1.945s] -- Detecting C compile features
[1.945s] -- Detecting C compile features - done
[1.946s] -- Detecting CXX compiler ABI info
[1.946s] -- Detecting CXX compiler ABI info - done
[1.946s] -- Check for working CXX compiler: /usr/bin/c++ - skipped
[1.946s] -- Detecting CXX compile features
[1.946s] -- Detecting CXX compile features - done
[1.946s] -- Found ament_cmake: 1.3.14 (/opt/ros/humble/share/ament_cmake/cmake)
[1.946s] -- Found Python3: /usr/bin/python3 (found version "3.10.12") found components: Interpreter 
[1.946s] -- Found example_interfaces: 0.9.3 (/opt/ros/humble/share/example_interfaces/cmake)
[1.946s] -- Found rosidl_generator_c: 3.1.8 (/opt/ros/humble/share/rosidl_generator_c/cmake)
[1.946s] -- Found rosidl_adapter: 3.1.8 (/opt/ros/humble/share/rosidl_adapter/cmake)
[1.946s] -- Found rosidl_generator_cpp: 3.1.8 (/opt/ros/humble/share/rosidl_generator_cpp/cmake)
[1.946s] -- Using all available rosidl_typesupport_c: rosidl_typesupport_fastrtps_c;rosidl_typesupport_introspection_c
[1.946s] -- Using all available rosidl_typesupport_cpp: rosidl_typesupport_fastrtps_cpp;rosidl_typesupport_introspection_cpp
[1.946s] -- Found rclcpp: 16.0.19 (/opt/ros/humble/share/rclcpp/cmake)
[1.946s] -- Found rmw_implementation_cmake: 6.1.2 (/opt/ros/humble/share/rmw_implementation_cmake/cmake)
[1.946s] -- Found rmw_fastrtps_cpp: 6.2.10 (/opt/ros/humble/share/rmw_fastrtps_cpp/cmake)
[3.466s] -- Found OpenSSL: /usr/lib/x86_64-linux-gnu/libcrypto.so (found version "3.0.2")  
[4.456s] -- Found FastRTPS: /opt/ros/humble/include  
[5.626s] -- Using RMW implementation 'rmw_fastrtps_cpp' as default
[5.630s] -- Looking for pthread.h
[6.132s] -- Looking for pthread.h - found
[6.132s] -- Performing Test CMAKE_HAVE_LIBC_PTHREAD
[6.785s] -- Performing Test CMAKE_HAVE_LIBC_PTHREAD - Success
[6.785s] -- Found Threads: TRUE  
[6.922s] -- Found ament_lint_auto: 0.12.15 (/opt/ros/humble/share/ament_lint_auto/cmake)
[7.151s] -- Added test 'copyright' to check source files copyright and LICENSE
[7.162s] -- Added test 'cppcheck' to perform static code analysis on C / C++ code
[7.163s] -- Configured cppcheck include dirs: 
[7.163s] -- Configured cppcheck exclude dirs and/or files: 
[7.168s] -- Added test 'cpplint' to check C / C++ code against the Google style
[7.168s] -- Configured cpplint exclude dirs and/or files: 
[7.171s] -- Added test 'lint_cmake' to check CMake code style
[7.173s] -- Added test 'uncrustify' to check C / C++ code style
[7.174s] -- Configured uncrustify additional arguments: 
[7.176s] -- Added test 'xmllint' to check XML markup files
[7.184s] -- Configuring done
[7.205s] -- Generating done
[7.215s] -- Build files have been written to: /home/chenzhibin/My_studyproject/ROS2_Tutorials/chapt2/ros2_ws1/build/examples_rclcpp_minimal_service
[7.257s] Invoked command in '/home/chenzhibin/My_studyproject/ROS2_Tutorials/chapt2/ros2_ws1/build/examples_rclcpp_minimal_service' returned '0': CMAKE_PREFIX_PATH=/opt/ros/humble /usr/bin/cmake /home/chenzhibin/My_studyproject/ROS2_Tutorials/chapt2/ros2_ws1/src/src/examples/rclcpp/services/minimal_service -DCMAKE_INSTALL_PREFIX=/home/chenzhibin/My_studyproject/ROS2_Tutorials/chapt2/ros2_ws1/install/examples_rclcpp_minimal_service
[7.258s] Invoking command in '/home/chenzhibin/My_studyproject/ROS2_Tutorials/chapt2/ros2_ws1/build/examples_rclcpp_minimal_service': CMAKE_PREFIX_PATH=/opt/ros/humble /usr/bin/cmake --build /home/chenzhibin/My_studyproject/ROS2_Tutorials/chapt2/ros2_ws1/build/examples_rclcpp_minimal_service -- -j32 -l32
[7.578s] [ 50%] [32mBuilding CXX object CMakeFiles/service_main.dir/main.cpp.o[0m
[289.982s] [100%] [32m[1mLinking CXX executable service_main[0m
[291.060s] [100%] Built target service_main
