[0.115s] Invoking command in '/home/chenzhibin/My_studyproject/ROS2_Tutorials/chapt2/ros2_ws1/build/examples_rclcpp_cbg_executor': CMAKE_PREFIX_PATH=/opt/ros/humble /usr/bin/cmake /home/chenzhibin/My_studyproject/ROS2_Tutorials/chapt2/ros2_ws1/src/src/examples/rclcpp/executors/cbg_executor -DCMAKE_INSTALL_PREFIX=/home/chenzhibin/My_studyproject/ROS2_Tutorials/chapt2/ros2_ws1/install/examples_rclcpp_cbg_executor
[1.947s] -- The C compiler identification is GNU 11.4.0
[1.947s] -- The CXX compiler identification is GNU 11.4.0
[1.947s] -- Detecting C compiler ABI info
[1.947s] -- Detecting C compiler ABI info - done
[1.948s] -- Check for working C compiler: /usr/bin/cc - skipped
[1.948s] -- Detecting C compile features
[1.948s] -- Detecting C compile features - done
[1.948s] -- Detecting CXX compiler ABI info
[1.948s] -- Detecting CXX compiler ABI info - done
[1.948s] -- Check for working CXX compiler: /usr/bin/c++ - skipped
[1.948s] -- Detecting CXX compile features
[1.948s] -- Detecting CXX compile features - done
[1.948s] -- Found ament_cmake: 1.3.14 (/opt/ros/humble/share/ament_cmake/cmake)
[1.949s] -- Found Python3: /usr/bin/python3 (found version "3.10.12") found components: Interpreter 
[1.949s] -- Found rclcpp: 16.0.19 (/opt/ros/humble/share/rclcpp/cmake)
[1.949s] -- Found rosidl_generator_c: 3.1.8 (/opt/ros/humble/share/rosidl_generator_c/cmake)
[1.949s] -- Found rosidl_adapter: 3.1.8 (/opt/ros/humble/share/rosidl_adapter/cmake)
[1.949s] -- Found rosidl_generator_cpp: 3.1.8 (/opt/ros/humble/share/rosidl_generator_cpp/cmake)
[1.949s] -- Using all available rosidl_typesupport_c: rosidl_typesupport_fastrtps_c;rosidl_typesupport_introspection_c
[1.949s] -- Using all available rosidl_typesupport_cpp: rosidl_typesupport_fastrtps_cpp;rosidl_typesupport_introspection_cpp
[1.949s] -- Found rmw_implementation_cmake: 6.1.2 (/opt/ros/humble/share/rmw_implementation_cmake/cmake)
[1.949s] -- Found rmw_fastrtps_cpp: 6.2.10 (/opt/ros/humble/share/rmw_fastrtps_cpp/cmake)
[2.905s] -- Found OpenSSL: /usr/lib/x86_64-linux-gnu/libcrypto.so (found version "3.0.2")  
[4.476s] -- Found FastRTPS: /opt/ros/humble/include  
[5.645s] -- Using RMW implementation 'rmw_fastrtps_cpp' as default
[5.651s] -- Looking for pthread.h
[6.152s] -- Looking for pthread.h - found
[6.152s] -- Performing Test CMAKE_HAVE_LIBC_PTHREAD
[6.820s] -- Performing Test CMAKE_HAVE_LIBC_PTHREAD - Success
[6.821s] -- Found Threads: TRUE  
[6.933s] -- Found ament_lint_auto: 0.12.15 (/opt/ros/humble/share/ament_lint_auto/cmake)
[7.262s] -- Added test 'copyright' to check source files copyright and LICENSE
[7.270s] -- Added test 'cppcheck' to perform static code analysis on C / C++ code
[7.270s] -- Configured cppcheck include dirs: /home/chenzhibin/My_studyproject/ROS2_Tutorials/chapt2/ros2_ws1/src/src/examples/rclcpp/executors/cbg_executor/include
[7.270s] -- Configured cppcheck exclude dirs and/or files: 
[7.279s] -- Added test 'cpplint' to check C / C++ code against the Google style
[7.279s] -- Configured cpplint exclude dirs and/or files: 
[7.286s] -- Added test 'lint_cmake' to check CMake code style
[7.298s] -- Added test 'uncrustify' to check C / C++ code style
[7.298s] -- Configured uncrustify additional arguments: 
[7.304s] -- Added test 'xmllint' to check XML markup files
[7.321s] -- Configuring done
[7.459s] -- Generating done
[7.472s] -- Build files have been written to: /home/chenzhibin/My_studyproject/ROS2_Tutorials/chapt2/ros2_ws1/build/examples_rclcpp_cbg_executor
[7.525s] Invoked command in '/home/chenzhibin/My_studyproject/ROS2_Tutorials/chapt2/ros2_ws1/build/examples_rclcpp_cbg_executor' returned '0': CMAKE_PREFIX_PATH=/opt/ros/humble /usr/bin/cmake /home/chenzhibin/My_studyproject/ROS2_Tutorials/chapt2/ros2_ws1/src/src/examples/rclcpp/executors/cbg_executor -DCMAKE_INSTALL_PREFIX=/home/chenzhibin/My_studyproject/ROS2_Tutorials/chapt2/ros2_ws1/install/examples_rclcpp_cbg_executor
[7.525s] Invoking command in '/home/chenzhibin/My_studyproject/ROS2_Tutorials/chapt2/ros2_ws1/build/examples_rclcpp_cbg_executor': CMAKE_PREFIX_PATH=/opt/ros/humble /usr/bin/cmake --build /home/chenzhibin/My_studyproject/ROS2_Tutorials/chapt2/ros2_ws1/build/examples_rclcpp_cbg_executor -- -j32 -l32
[7.764s] [ 10%] [32mBuilding CXX object CMakeFiles/pong.dir/src/pong.cpp.o[0m
[7.765s] [ 20%] [32mBuilding CXX object CMakeFiles/pong.dir/src/examples_rclcpp_cbg_executor/pong_node.cpp.o[0m
[7.765s] [ 30%] [32mBuilding CXX object CMakeFiles/ping.dir/src/ping.cpp.o[0m
[7.771s] [ 40%] [32mBuilding CXX object CMakeFiles/ping_pong.dir/src/ping_pong.cpp.o[0m
[7.774s] [ 50%] [32mBuilding CXX object CMakeFiles/ping.dir/src/examples_rclcpp_cbg_executor/ping_node.cpp.o[0m
[7.780s] [ 60%] [32mBuilding CXX object CMakeFiles/ping_pong.dir/src/examples_rclcpp_cbg_executor/ping_node.cpp.o[0m
[7.785s] [ 70%] [32mBuilding CXX object CMakeFiles/ping_pong.dir/src/examples_rclcpp_cbg_executor/pong_node.cpp.o[0m
[307.586s] [ 80%] [32m[1mLinking CXX executable ping_pong[0m
[307.750s] [ 90%] [32m[1mLinking CXX executable pong[0m
[308.248s] [100%] [32m[1mLinking CXX executable ping[0m
[308.408s] [100%] Built target pong
[308.528s] [100%] Built target ping_pong
[308.820s] [100%] Built target ping
