[35m[1mConsolidate compiler generated dependencies of target client_main[0m
[100%] Built target client_main
-- Install configuration: ""
-- Installing: /home/chenzhibin/My_studyproject/ROS2_Tutorials/chapt2/ros2_ws1/install/examples_rclcpp_async_client/lib/examples_rclcpp_async_client/client_main
-- Set runtime path of "/home/chenzhibin/My_studyproject/ROS2_Tutorials/chapt2/ros2_ws1/install/examples_rclcpp_async_client/lib/examples_rclcpp_async_client/client_main" to ""
-- Installing: /home/chenzhibin/My_studyproject/ROS2_Tutorials/chapt2/ros2_ws1/install/examples_rclcpp_async_client/share/ament_index/resource_index/package_run_dependencies/examples_rclcpp_async_client
-- Installing: /home/chenzhibin/My_studyproject/ROS2_Tutorials/chapt2/ros2_ws1/install/examples_rclcpp_async_client/share/ament_index/resource_index/parent_prefix_path/examples_rclcpp_async_client
-- Installing: /home/chenzhibin/My_studyproject/ROS2_Tutorials/chapt2/ros2_ws1/install/examples_rclcpp_async_client/share/examples_rclcpp_async_client/environment/ament_prefix_path.sh
-- Installing: /home/chenzhibin/My_studyproject/ROS2_Tutorials/chapt2/ros2_ws1/install/examples_rclcpp_async_client/share/examples_rclcpp_async_client/environment/ament_prefix_path.dsv
-- Installing: /home/chenzhibin/My_studyproject/ROS2_Tutorials/chapt2/ros2_ws1/install/examples_rclcpp_async_client/share/examples_rclcpp_async_client/environment/path.sh
-- Installing: /home/chenzhibin/My_studyproject/ROS2_Tutorials/chapt2/ros2_ws1/install/examples_rclcpp_async_client/share/examples_rclcpp_async_client/environment/path.dsv
-- Installing: /home/chenzhibin/My_studyproject/ROS2_Tutorials/chapt2/ros2_ws1/install/examples_rclcpp_async_client/share/examples_rclcpp_async_client/local_setup.bash
-- Installing: /home/chenzhibin/My_studyproject/ROS2_Tutorials/chapt2/ros2_ws1/install/examples_rclcpp_async_client/share/examples_rclcpp_async_client/local_setup.sh
-- Installing: /home/chenzhibin/My_studyproject/ROS2_Tutorials/chapt2/ros2_ws1/install/examples_rclcpp_async_client/share/examples_rclcpp_async_client/local_setup.zsh
-- Installing: /home/chenzhibin/My_studyproject/ROS2_Tutorials/chapt2/ros2_ws1/install/examples_rclcpp_async_client/share/examples_rclcpp_async_client/local_setup.dsv
-- Installing: /home/chenzhibin/My_studyproject/ROS2_Tutorials/chapt2/ros2_ws1/install/examples_rclcpp_async_client/share/examples_rclcpp_async_client/package.dsv
-- Installing: /home/chenzhibin/My_studyproject/ROS2_Tutorials/chapt2/ros2_ws1/install/examples_rclcpp_async_client/share/ament_index/resource_index/packages/examples_rclcpp_async_client
-- Installing: /home/chenzhibin/My_studyproject/ROS2_Tutorials/chapt2/ros2_ws1/install/examples_rclcpp_async_client/share/examples_rclcpp_async_client/cmake/examples_rclcpp_async_clientConfig.cmake
-- Installing: /home/chenzhibin/My_studyproject/ROS2_Tutorials/chapt2/ros2_ws1/install/examples_rclcpp_async_client/share/examples_rclcpp_async_client/cmake/examples_rclcpp_async_clientConfig-version.cmake
-- Installing: /home/chenzhibin/My_studyproject/ROS2_Tutorials/chapt2/ros2_ws1/install/examples_rclcpp_async_client/share/examples_rclcpp_async_client/package.xml
