[2.519s] Invoking command in '/home/chenzhibin/My_studyproject/ROS2_Tutorials/chapt2/ros2_ws1/src/src/examples/rclpy/executors': PYTHONPATH=/home/chenzhibin/My_studyproject/ROS2_Tutorials/chapt2/ros2_ws1/build/examples_rclpy_executors/prefix_override:/usr/lib/python3/dist-packages/colcon_core/task/python/colcon_distutils_commands:/home/chenzhibin/My_studyproject/ROS2_Tutorials/chapt2/ros2_ws1/install/examples_rclpy_executors/lib/python3.10/site-packages:${PYTHONPATH} /usr/bin/python3 -W ignore:setup.py install is deprecated -W ignore:easy_install command is deprecated setup.py egg_info --egg-base ../../../../../build/examples_rclpy_executors build --build-base /home/chenzhibin/My_studyproject/ROS2_Tutorials/chapt2/ros2_ws1/build/examples_rclpy_executors/build install --record /home/chenzhibin/My_studyproject/ROS2_Tutorials/chapt2/ros2_ws1/build/examples_rclpy_executors/install.log --single-version-externally-managed install_data
[2.853s] running egg_info
[2.853s] creating ../../../../../build/examples_rclpy_executors/examples_rclpy_executors.egg-info
[2.853s] writing ../../../../../build/examples_rclpy_executors/examples_rclpy_executors.egg-info/PKG-INFO
[2.854s] writing dependency_links to ../../../../../build/examples_rclpy_executors/examples_rclpy_executors.egg-info/dependency_links.txt
[2.854s] writing entry points to ../../../../../build/examples_rclpy_executors/examples_rclpy_executors.egg-info/entry_points.txt
[2.854s] writing requirements to ../../../../../build/examples_rclpy_executors/examples_rclpy_executors.egg-info/requires.txt
[2.854s] writing top-level names to ../../../../../build/examples_rclpy_executors/examples_rclpy_executors.egg-info/top_level.txt
[2.854s] writing manifest file '../../../../../build/examples_rclpy_executors/examples_rclpy_executors.egg-info/SOURCES.txt'
[2.855s] reading manifest file '../../../../../build/examples_rclpy_executors/examples_rclpy_executors.egg-info/SOURCES.txt'
[2.855s] writing manifest file '../../../../../build/examples_rclpy_executors/examples_rclpy_executors.egg-info/SOURCES.txt'
[2.855s] running build
[2.856s] running build_py
[2.856s] creating /home/chenzhibin/My_studyproject/ROS2_Tutorials/chapt2/ros2_ws1/build/examples_rclpy_executors/build
[2.857s] creating /home/chenzhibin/My_studyproject/ROS2_Tutorials/chapt2/ros2_ws1/build/examples_rclpy_executors/build/lib
[2.857s] creating /home/chenzhibin/My_studyproject/ROS2_Tutorials/chapt2/ros2_ws1/build/examples_rclpy_executors/build/lib/examples_rclpy_executors
[2.858s] copying examples_rclpy_executors/custom_executor.py -> /home/chenzhibin/My_studyproject/ROS2_Tutorials/chapt2/ros2_ws1/build/examples_rclpy_executors/build/lib/examples_rclpy_executors
[2.858s] copying examples_rclpy_executors/listener.py -> /home/chenzhibin/My_studyproject/ROS2_Tutorials/chapt2/ros2_ws1/build/examples_rclpy_executors/build/lib/examples_rclpy_executors
[2.858s] copying examples_rclpy_executors/__init__.py -> /home/chenzhibin/My_studyproject/ROS2_Tutorials/chapt2/ros2_ws1/build/examples_rclpy_executors/build/lib/examples_rclpy_executors
[2.859s] copying examples_rclpy_executors/composed.py -> /home/chenzhibin/My_studyproject/ROS2_Tutorials/chapt2/ros2_ws1/build/examples_rclpy_executors/build/lib/examples_rclpy_executors
[2.859s] copying examples_rclpy_executors/talker.py -> /home/chenzhibin/My_studyproject/ROS2_Tutorials/chapt2/ros2_ws1/build/examples_rclpy_executors/build/lib/examples_rclpy_executors
[2.859s] copying examples_rclpy_executors/callback_group.py -> /home/chenzhibin/My_studyproject/ROS2_Tutorials/chapt2/ros2_ws1/build/examples_rclpy_executors/build/lib/examples_rclpy_executors
[2.860s] copying examples_rclpy_executors/custom_callback_group.py -> /home/chenzhibin/My_studyproject/ROS2_Tutorials/chapt2/ros2_ws1/build/examples_rclpy_executors/build/lib/examples_rclpy_executors
[2.860s] running install
[2.861s] running install_lib
[2.861s] creating /home/chenzhibin/My_studyproject/ROS2_Tutorials/chapt2/ros2_ws1/install/examples_rclpy_executors/lib/python3.10/site-packages/examples_rclpy_executors
[2.862s] copying /home/chenzhibin/My_studyproject/ROS2_Tutorials/chapt2/ros2_ws1/build/examples_rclpy_executors/build/lib/examples_rclpy_executors/custom_executor.py -> /home/chenzhibin/My_studyproject/ROS2_Tutorials/chapt2/ros2_ws1/install/examples_rclpy_executors/lib/python3.10/site-packages/examples_rclpy_executors
[2.862s] copying /home/chenzhibin/My_studyproject/ROS2_Tutorials/chapt2/ros2_ws1/build/examples_rclpy_executors/build/lib/examples_rclpy_executors/listener.py -> /home/chenzhibin/My_studyproject/ROS2_Tutorials/chapt2/ros2_ws1/install/examples_rclpy_executors/lib/python3.10/site-packages/examples_rclpy_executors
[2.863s] copying /home/chenzhibin/My_studyproject/ROS2_Tutorials/chapt2/ros2_ws1/build/examples_rclpy_executors/build/lib/examples_rclpy_executors/__init__.py -> /home/chenzhibin/My_studyproject/ROS2_Tutorials/chapt2/ros2_ws1/install/examples_rclpy_executors/lib/python3.10/site-packages/examples_rclpy_executors
[2.863s] copying /home/chenzhibin/My_studyproject/ROS2_Tutorials/chapt2/ros2_ws1/build/examples_rclpy_executors/build/lib/examples_rclpy_executors/composed.py -> /home/chenzhibin/My_studyproject/ROS2_Tutorials/chapt2/ros2_ws1/install/examples_rclpy_executors/lib/python3.10/site-packages/examples_rclpy_executors
[2.863s] copying /home/chenzhibin/My_studyproject/ROS2_Tutorials/chapt2/ros2_ws1/build/examples_rclpy_executors/build/lib/examples_rclpy_executors/talker.py -> /home/chenzhibin/My_studyproject/ROS2_Tutorials/chapt2/ros2_ws1/install/examples_rclpy_executors/lib/python3.10/site-packages/examples_rclpy_executors
[2.864s] copying /home/chenzhibin/My_studyproject/ROS2_Tutorials/chapt2/ros2_ws1/build/examples_rclpy_executors/build/lib/examples_rclpy_executors/callback_group.py -> /home/chenzhibin/My_studyproject/ROS2_Tutorials/chapt2/ros2_ws1/install/examples_rclpy_executors/lib/python3.10/site-packages/examples_rclpy_executors
[2.864s] copying /home/chenzhibin/My_studyproject/ROS2_Tutorials/chapt2/ros2_ws1/build/examples_rclpy_executors/build/lib/examples_rclpy_executors/custom_callback_group.py -> /home/chenzhibin/My_studyproject/ROS2_Tutorials/chapt2/ros2_ws1/install/examples_rclpy_executors/lib/python3.10/site-packages/examples_rclpy_executors
[2.864s] byte-compiling /home/chenzhibin/My_studyproject/ROS2_Tutorials/chapt2/ros2_ws1/install/examples_rclpy_executors/lib/python3.10/site-packages/examples_rclpy_executors/custom_executor.py to custom_executor.cpython-310.pyc
[2.865s] byte-compiling /home/chenzhibin/My_studyproject/ROS2_Tutorials/chapt2/ros2_ws1/install/examples_rclpy_executors/lib/python3.10/site-packages/examples_rclpy_executors/listener.py to listener.cpython-310.pyc
[2.865s] byte-compiling /home/chenzhibin/My_studyproject/ROS2_Tutorials/chapt2/ros2_ws1/install/examples_rclpy_executors/lib/python3.10/site-packages/examples_rclpy_executors/__init__.py to __init__.cpython-310.pyc
[2.865s] byte-compiling /home/chenzhibin/My_studyproject/ROS2_Tutorials/chapt2/ros2_ws1/install/examples_rclpy_executors/lib/python3.10/site-packages/examples_rclpy_executors/composed.py to composed.cpython-310.pyc
[2.866s] byte-compiling /home/chenzhibin/My_studyproject/ROS2_Tutorials/chapt2/ros2_ws1/install/examples_rclpy_executors/lib/python3.10/site-packages/examples_rclpy_executors/talker.py to talker.cpython-310.pyc
[2.866s] byte-compiling /home/chenzhibin/My_studyproject/ROS2_Tutorials/chapt2/ros2_ws1/install/examples_rclpy_executors/lib/python3.10/site-packages/examples_rclpy_executors/callback_group.py to callback_group.cpython-310.pyc
[2.866s] byte-compiling /home/chenzhibin/My_studyproject/ROS2_Tutorials/chapt2/ros2_ws1/install/examples_rclpy_executors/lib/python3.10/site-packages/examples_rclpy_executors/custom_callback_group.py to custom_callback_group.cpython-310.pyc
[2.866s] running install_data
[2.866s] creating /home/chenzhibin/My_studyproject/ROS2_Tutorials/chapt2/ros2_ws1/install/examples_rclpy_executors/share/ament_index
[2.866s] creating /home/chenzhibin/My_studyproject/ROS2_Tutorials/chapt2/ros2_ws1/install/examples_rclpy_executors/share/ament_index/resource_index
[2.866s] creating /home/chenzhibin/My_studyproject/ROS2_Tutorials/chapt2/ros2_ws1/install/examples_rclpy_executors/share/ament_index/resource_index/packages
[2.867s] copying resource/examples_rclpy_executors -> /home/chenzhibin/My_studyproject/ROS2_Tutorials/chapt2/ros2_ws1/install/examples_rclpy_executors/share/ament_index/resource_index/packages
[2.867s] copying package.xml -> /home/chenzhibin/My_studyproject/ROS2_Tutorials/chapt2/ros2_ws1/install/examples_rclpy_executors/share/examples_rclpy_executors
[2.867s] running install_egg_info
[2.867s] Copying ../../../../../build/examples_rclpy_executors/examples_rclpy_executors.egg-info to /home/chenzhibin/My_studyproject/ROS2_Tutorials/chapt2/ros2_ws1/install/examples_rclpy_executors/lib/python3.10/site-packages/examples_rclpy_executors-0.15.5-py3.10.egg-info
[2.867s] running install_scripts
[2.867s] Installing callback_group script to /home/chenzhibin/My_studyproject/ROS2_Tutorials/chapt2/ros2_ws1/install/examples_rclpy_executors/lib/examples_rclpy_executors
[2.867s] Installing composed script to /home/chenzhibin/My_studyproject/ROS2_Tutorials/chapt2/ros2_ws1/install/examples_rclpy_executors/lib/examples_rclpy_executors
[2.867s] Installing custom_callback_group script to /home/chenzhibin/My_studyproject/ROS2_Tutorials/chapt2/ros2_ws1/install/examples_rclpy_executors/lib/examples_rclpy_executors
[2.867s] Installing custom_executor script to /home/chenzhibin/My_studyproject/ROS2_Tutorials/chapt2/ros2_ws1/install/examples_rclpy_executors/lib/examples_rclpy_executors
[2.867s] Installing listener script to /home/chenzhibin/My_studyproject/ROS2_Tutorials/chapt2/ros2_ws1/install/examples_rclpy_executors/lib/examples_rclpy_executors
[2.867s] Installing talker script to /home/chenzhibin/My_studyproject/ROS2_Tutorials/chapt2/ros2_ws1/install/examples_rclpy_executors/lib/examples_rclpy_executors
[2.867s] writing list of installed files to '/home/chenzhibin/My_studyproject/ROS2_Tutorials/chapt2/ros2_ws1/build/examples_rclpy_executors/install.log'
[2.893s] Invoked command in '/home/chenzhibin/My_studyproject/ROS2_Tutorials/chapt2/ros2_ws1/src/src/examples/rclpy/executors' returned '0': PYTHONPATH=/home/chenzhibin/My_studyproject/ROS2_Tutorials/chapt2/ros2_ws1/build/examples_rclpy_executors/prefix_override:/usr/lib/python3/dist-packages/colcon_core/task/python/colcon_distutils_commands:/home/chenzhibin/My_studyproject/ROS2_Tutorials/chapt2/ros2_ws1/install/examples_rclpy_executors/lib/python3.10/site-packages:${PYTHONPATH} /usr/bin/python3 -W ignore:setup.py install is deprecated -W ignore:easy_install command is deprecated setup.py egg_info --egg-base ../../../../../build/examples_rclpy_executors build --build-base /home/chenzhibin/My_studyproject/ROS2_Tutorials/chapt2/ros2_ws1/build/examples_rclpy_executors/build install --record /home/chenzhibin/My_studyproject/ROS2_Tutorials/chapt2/ros2_ws1/build/examples_rclpy_executors/install.log --single-version-externally-managed install_data
