[35m[1mConsolidate compiler generated dependencies of target ping[0m
[35m[1mConsolidate compiler generated dependencies of target ping_pong[0m
[35m[1mConsolidate compiler generated dependencies of target pong[0m
[ 40%] Built target ping_pong
[ 70%] Built target ping
[100%] Built target pong
-- Install configuration: ""
-- Installing: /home/chenzhibin/My_studyproject/ROS2_Tutorials/chapt2/ros2_ws1/install/examples_rclcpp_cbg_executor/lib/examples_rclcpp_cbg_executor/ping
-- Set runtime path of "/home/chenzhibin/My_studyproject/ROS2_Tutorials/chapt2/ros2_ws1/install/examples_rclcpp_cbg_executor/lib/examples_rclcpp_cbg_executor/ping" to ""
-- Installing: /home/chenzhibin/My_studyproject/ROS2_Tutorials/chapt2/ros2_ws1/install/examples_rclcpp_cbg_executor/lib/examples_rclcpp_cbg_executor/pong
-- Set runtime path of "/home/chenzhibin/My_studyproject/ROS2_Tutorials/chapt2/ros2_ws1/install/examples_rclcpp_cbg_executor/lib/examples_rclcpp_cbg_executor/pong" to ""
-- Installing: /home/chenzhibin/My_studyproject/ROS2_Tutorials/chapt2/ros2_ws1/install/examples_rclcpp_cbg_executor/lib/examples_rclcpp_cbg_executor/ping_pong
-- Set runtime path of "/home/chenzhibin/My_studyproject/ROS2_Tutorials/chapt2/ros2_ws1/install/examples_rclcpp_cbg_executor/lib/examples_rclcpp_cbg_executor/ping_pong" to ""
-- Installing: /home/chenzhibin/My_studyproject/ROS2_Tutorials/chapt2/ros2_ws1/install/examples_rclcpp_cbg_executor/include
-- Installing: /home/chenzhibin/My_studyproject/ROS2_Tutorials/chapt2/ros2_ws1/install/examples_rclcpp_cbg_executor/include/examples_rclcpp_cbg_executor
-- Installing: /home/chenzhibin/My_studyproject/ROS2_Tutorials/chapt2/ros2_ws1/install/examples_rclcpp_cbg_executor/include/examples_rclcpp_cbg_executor/ping_node.hpp
-- Installing: /home/chenzhibin/My_studyproject/ROS2_Tutorials/chapt2/ros2_ws1/install/examples_rclcpp_cbg_executor/include/examples_rclcpp_cbg_executor/pong_node.hpp
-- Installing: /home/chenzhibin/My_studyproject/ROS2_Tutorials/chapt2/ros2_ws1/install/examples_rclcpp_cbg_executor/share/ament_index/resource_index/package_run_dependencies/examples_rclcpp_cbg_executor
-- Installing: /home/chenzhibin/My_studyproject/ROS2_Tutorials/chapt2/ros2_ws1/install/examples_rclcpp_cbg_executor/share/ament_index/resource_index/parent_prefix_path/examples_rclcpp_cbg_executor
-- Installing: /home/chenzhibin/My_studyproject/ROS2_Tutorials/chapt2/ros2_ws1/install/examples_rclcpp_cbg_executor/share/examples_rclcpp_cbg_executor/environment/ament_prefix_path.sh
-- Installing: /home/chenzhibin/My_studyproject/ROS2_Tutorials/chapt2/ros2_ws1/install/examples_rclcpp_cbg_executor/share/examples_rclcpp_cbg_executor/environment/ament_prefix_path.dsv
-- Installing: /home/chenzhibin/My_studyproject/ROS2_Tutorials/chapt2/ros2_ws1/install/examples_rclcpp_cbg_executor/share/examples_rclcpp_cbg_executor/environment/path.sh
-- Installing: /home/chenzhibin/My_studyproject/ROS2_Tutorials/chapt2/ros2_ws1/install/examples_rclcpp_cbg_executor/share/examples_rclcpp_cbg_executor/environment/path.dsv
-- Installing: /home/chenzhibin/My_studyproject/ROS2_Tutorials/chapt2/ros2_ws1/install/examples_rclcpp_cbg_executor/share/examples_rclcpp_cbg_executor/local_setup.bash
-- Installing: /home/chenzhibin/My_studyproject/ROS2_Tutorials/chapt2/ros2_ws1/install/examples_rclcpp_cbg_executor/share/examples_rclcpp_cbg_executor/local_setup.sh
-- Installing: /home/chenzhibin/My_studyproject/ROS2_Tutorials/chapt2/ros2_ws1/install/examples_rclcpp_cbg_executor/share/examples_rclcpp_cbg_executor/local_setup.zsh
-- Installing: /home/chenzhibin/My_studyproject/ROS2_Tutorials/chapt2/ros2_ws1/install/examples_rclcpp_cbg_executor/share/examples_rclcpp_cbg_executor/local_setup.dsv
-- Installing: /home/chenzhibin/My_studyproject/ROS2_Tutorials/chapt2/ros2_ws1/install/examples_rclcpp_cbg_executor/share/examples_rclcpp_cbg_executor/package.dsv
-- Installing: /home/chenzhibin/My_studyproject/ROS2_Tutorials/chapt2/ros2_ws1/install/examples_rclcpp_cbg_executor/share/ament_index/resource_index/packages/examples_rclcpp_cbg_executor
-- Installing: /home/chenzhibin/My_studyproject/ROS2_Tutorials/chapt2/ros2_ws1/install/examples_rclcpp_cbg_executor/share/examples_rclcpp_cbg_executor/cmake/ament_cmake_export_dependencies-extras.cmake
-- Installing: /home/chenzhibin/My_studyproject/ROS2_Tutorials/chapt2/ros2_ws1/install/examples_rclcpp_cbg_executor/share/examples_rclcpp_cbg_executor/cmake/examples_rclcpp_cbg_executorConfig.cmake
-- Installing: /home/chenzhibin/My_studyproject/ROS2_Tutorials/chapt2/ros2_ws1/install/examples_rclcpp_cbg_executor/share/examples_rclcpp_cbg_executor/cmake/examples_rclcpp_cbg_executorConfig-version.cmake
-- Installing: /home/chenzhibin/My_studyproject/ROS2_Tutorials/chapt2/ros2_ws1/install/examples_rclcpp_cbg_executor/share/examples_rclcpp_cbg_executor/package.xml
