[0.155s] Invoking command in '/home/chenzhibin/My_studyproject/ROS2_Tutorials/chapt2/ros2_ws1/build/examples_rclcpp_cbg_executor': CMAKE_PREFIX_PATH=/opt/ros/humble /usr/bin/cmake --build /home/chenzhibin/My_studyproject/ROS2_Tutorials/chapt2/ros2_ws1/build/examples_rclcpp_cbg_executor -- -j32 -l32
[2.644s] [35m[1mConsolidate compiler generated dependencies of target ping[0m
[2.646s] [35m[1mConsolidate compiler generated dependencies of target ping_pong[0m
[2.646s] [35m[1mConsolidate compiler generated dependencies of target pong[0m
[2.647s] [ 40%] Built target ping_pong
[2.649s] [ 70%] Built target ping
[2.650s] [100%] Built target pong
[2.700s] Invoked command in '/home/chenzhibin/My_studyproject/ROS2_Tutorials/chapt2/ros2_ws1/build/examples_rclcpp_cbg_executor' returned '0': CMAKE_PREFIX_PATH=/opt/ros/humble /usr/bin/cmake --build /home/chenzhibin/My_studyproject/ROS2_Tutorials/chapt2/ros2_ws1/build/examples_rclcpp_cbg_executor -- -j32 -l32
[2.708s] Invoking command in '/home/chenzhibin/My_studyproject/ROS2_Tutorials/chapt2/ros2_ws1/build/examples_rclcpp_cbg_executor': CMAKE_PREFIX_PATH=/opt/ros/humble /usr/bin/cmake --install /home/chenzhibin/My_studyproject/ROS2_Tutorials/chapt2/ros2_ws1/build/examples_rclcpp_cbg_executor
[2.795s] -- Install configuration: ""
[2.795s] -- Installing: /home/chenzhibin/My_studyproject/ROS2_Tutorials/chapt2/ros2_ws1/install/examples_rclcpp_cbg_executor/lib/examples_rclcpp_cbg_executor/ping
[2.796s] -- Set runtime path of "/home/chenzhibin/My_studyproject/ROS2_Tutorials/chapt2/ros2_ws1/install/examples_rclcpp_cbg_executor/lib/examples_rclcpp_cbg_executor/ping" to ""
[2.796s] -- Installing: /home/chenzhibin/My_studyproject/ROS2_Tutorials/chapt2/ros2_ws1/install/examples_rclcpp_cbg_executor/lib/examples_rclcpp_cbg_executor/pong
[2.809s] -- Set runtime path of "/home/chenzhibin/My_studyproject/ROS2_Tutorials/chapt2/ros2_ws1/install/examples_rclcpp_cbg_executor/lib/examples_rclcpp_cbg_executor/pong" to ""
[2.809s] -- Installing: /home/chenzhibin/My_studyproject/ROS2_Tutorials/chapt2/ros2_ws1/install/examples_rclcpp_cbg_executor/lib/examples_rclcpp_cbg_executor/ping_pong
[2.818s] -- Set runtime path of "/home/chenzhibin/My_studyproject/ROS2_Tutorials/chapt2/ros2_ws1/install/examples_rclcpp_cbg_executor/lib/examples_rclcpp_cbg_executor/ping_pong" to ""
[2.818s] -- Installing: /home/chenzhibin/My_studyproject/ROS2_Tutorials/chapt2/ros2_ws1/install/examples_rclcpp_cbg_executor/include
[2.837s] -- Installing: /home/chenzhibin/My_studyproject/ROS2_Tutorials/chapt2/ros2_ws1/install/examples_rclcpp_cbg_executor/include/examples_rclcpp_cbg_executor
[2.837s] -- Installing: /home/chenzhibin/My_studyproject/ROS2_Tutorials/chapt2/ros2_ws1/install/examples_rclcpp_cbg_executor/include/examples_rclcpp_cbg_executor/ping_node.hpp
[2.837s] -- Installing: /home/chenzhibin/My_studyproject/ROS2_Tutorials/chapt2/ros2_ws1/install/examples_rclcpp_cbg_executor/include/examples_rclcpp_cbg_executor/pong_node.hpp
[2.837s] -- Installing: /home/chenzhibin/My_studyproject/ROS2_Tutorials/chapt2/ros2_ws1/install/examples_rclcpp_cbg_executor/share/ament_index/resource_index/package_run_dependencies/examples_rclcpp_cbg_executor
[2.837s] -- Installing: /home/chenzhibin/My_studyproject/ROS2_Tutorials/chapt2/ros2_ws1/install/examples_rclcpp_cbg_executor/share/ament_index/resource_index/parent_prefix_path/examples_rclcpp_cbg_executor
[2.837s] -- Installing: /home/chenzhibin/My_studyproject/ROS2_Tutorials/chapt2/ros2_ws1/install/examples_rclcpp_cbg_executor/share/examples_rclcpp_cbg_executor/environment/ament_prefix_path.sh
[2.837s] -- Installing: /home/chenzhibin/My_studyproject/ROS2_Tutorials/chapt2/ros2_ws1/install/examples_rclcpp_cbg_executor/share/examples_rclcpp_cbg_executor/environment/ament_prefix_path.dsv
[2.837s] -- Installing: /home/chenzhibin/My_studyproject/ROS2_Tutorials/chapt2/ros2_ws1/install/examples_rclcpp_cbg_executor/share/examples_rclcpp_cbg_executor/environment/path.sh
[2.837s] -- Installing: /home/chenzhibin/My_studyproject/ROS2_Tutorials/chapt2/ros2_ws1/install/examples_rclcpp_cbg_executor/share/examples_rclcpp_cbg_executor/environment/path.dsv
[2.839s] -- Installing: /home/chenzhibin/My_studyproject/ROS2_Tutorials/chapt2/ros2_ws1/install/examples_rclcpp_cbg_executor/share/examples_rclcpp_cbg_executor/local_setup.bash
[2.856s] -- Installing: /home/chenzhibin/My_studyproject/ROS2_Tutorials/chapt2/ros2_ws1/install/examples_rclcpp_cbg_executor/share/examples_rclcpp_cbg_executor/local_setup.sh
[2.858s] -- Installing: /home/chenzhibin/My_studyproject/ROS2_Tutorials/chapt2/ros2_ws1/install/examples_rclcpp_cbg_executor/share/examples_rclcpp_cbg_executor/local_setup.zsh
[2.859s] -- Installing: /home/chenzhibin/My_studyproject/ROS2_Tutorials/chapt2/ros2_ws1/install/examples_rclcpp_cbg_executor/share/examples_rclcpp_cbg_executor/local_setup.dsv
[2.859s] -- Installing: /home/chenzhibin/My_studyproject/ROS2_Tutorials/chapt2/ros2_ws1/install/examples_rclcpp_cbg_executor/share/examples_rclcpp_cbg_executor/package.dsv
[2.859s] -- Installing: /home/chenzhibin/My_studyproject/ROS2_Tutorials/chapt2/ros2_ws1/install/examples_rclcpp_cbg_executor/share/ament_index/resource_index/packages/examples_rclcpp_cbg_executor
[2.860s] -- Installing: /home/chenzhibin/My_studyproject/ROS2_Tutorials/chapt2/ros2_ws1/install/examples_rclcpp_cbg_executor/share/examples_rclcpp_cbg_executor/cmake/ament_cmake_export_dependencies-extras.cmake
[2.861s] -- Installing: /home/chenzhibin/My_studyproject/ROS2_Tutorials/chapt2/ros2_ws1/install/examples_rclcpp_cbg_executor/share/examples_rclcpp_cbg_executor/cmake/examples_rclcpp_cbg_executorConfig.cmake
[2.861s] -- Installing: /home/chenzhibin/My_studyproject/ROS2_Tutorials/chapt2/ros2_ws1/install/examples_rclcpp_cbg_executor/share/examples_rclcpp_cbg_executor/cmake/examples_rclcpp_cbg_executorConfig-version.cmake
[2.861s] -- Installing: /home/chenzhibin/My_studyproject/ROS2_Tutorials/chapt2/ros2_ws1/install/examples_rclcpp_cbg_executor/share/examples_rclcpp_cbg_executor/package.xml
[3.207s] Invoked command in '/home/chenzhibin/My_studyproject/ROS2_Tutorials/chapt2/ros2_ws1/build/examples_rclcpp_cbg_executor' returned '0': CMAKE_PREFIX_PATH=/opt/ros/humble /usr/bin/cmake --install /home/chenzhibin/My_studyproject/ROS2_Tutorials/chapt2/ros2_ws1/build/examples_rclcpp_cbg_executor
