[0.164s] Invoking command in '/home/chenzhibin/My_studyproject/ROS2_Tutorials/chapt2/ros2_ws1/build/examples_rclcpp_wait_set': CMAKE_PREFIX_PATH=/opt/ros/humble /usr/bin/cmake --build /home/chenzhibin/My_studyproject/ROS2_Tutorials/chapt2/ros2_ws1/build/examples_rclcpp_wait_set -- -j32 -l32
[2.611s] [35m[1mConsolidate compiler generated dependencies of target wait_set_listener[0m
[2.611s] [35m[1mConsolidate compiler generated dependencies of target wait_set_talker[0m
[2.611s] [35m[1mConsolidate compiler generated dependencies of target thread_safe_wait_set[0m
[2.611s] [35m[1mConsolidate compiler generated dependencies of target talker[0m
[2.612s] [35m[1mConsolidate compiler generated dependencies of target wait_set[0m
[2.612s] [35m[1mConsolidate compiler generated dependencies of target listener[0m
[2.612s] [35m[1mConsolidate compiler generated dependencies of target wait_set_topics_and_timer[0m
[2.612s] [35m[1mConsolidate compiler generated dependencies of target executor_random_order[0m
[2.612s] [35m[1mConsolidate compiler generated dependencies of target static_wait_set[0m
[2.612s] [35m[1mConsolidate compiler generated dependencies of target wait_set_topics_with_different_rates[0m
[2.612s] [35m[1mConsolidate compiler generated dependencies of target wait_set_random_order[0m
[2.612s] [  8%] Built target wait_set_listener
[2.612s] [ 16%] Built target talker
[2.612s] [ 25%] Built target wait_set_talker
[2.612s] [ 33%] Built target wait_set
[2.612s] [ 41%] Built target wait_set_topics_and_timer
[2.612s] [ 50%] Built target thread_safe_wait_set
[2.612s] [ 58%] Built target listener
[2.612s] [ 66%] Built target static_wait_set
[2.612s] [ 75%] Built target executor_random_order
[2.612s] [ 83%] Built target wait_set_topics_with_different_rates
[2.612s] [ 91%] Built target wait_set_random_order
[2.613s] [35m[1mConsolidate compiler generated dependencies of target wait_set_composed[0m
[2.613s] [100%] Built target wait_set_composed
[2.661s] Invoked command in '/home/chenzhibin/My_studyproject/ROS2_Tutorials/chapt2/ros2_ws1/build/examples_rclcpp_wait_set' returned '0': CMAKE_PREFIX_PATH=/opt/ros/humble /usr/bin/cmake --build /home/chenzhibin/My_studyproject/ROS2_Tutorials/chapt2/ros2_ws1/build/examples_rclcpp_wait_set -- -j32 -l32
[2.667s] Invoking command in '/home/chenzhibin/My_studyproject/ROS2_Tutorials/chapt2/ros2_ws1/build/examples_rclcpp_wait_set': CMAKE_PREFIX_PATH=/opt/ros/humble /usr/bin/cmake --install /home/chenzhibin/My_studyproject/ROS2_Tutorials/chapt2/ros2_ws1/build/examples_rclcpp_wait_set
[2.747s] -- Install configuration: ""
[2.747s] -- Installing: /home/chenzhibin/My_studyproject/ROS2_Tutorials/chapt2/ros2_ws1/install/examples_rclcpp_wait_set/lib/examples_rclcpp_wait_set/wait_set_talker
[2.747s] -- Set runtime path of "/home/chenzhibin/My_studyproject/ROS2_Tutorials/chapt2/ros2_ws1/install/examples_rclcpp_wait_set/lib/examples_rclcpp_wait_set/wait_set_talker" to ""
[2.747s] -- Installing: /home/chenzhibin/My_studyproject/ROS2_Tutorials/chapt2/ros2_ws1/install/examples_rclcpp_wait_set/lib/examples_rclcpp_wait_set/wait_set_listener
[2.747s] -- Set runtime path of "/home/chenzhibin/My_studyproject/ROS2_Tutorials/chapt2/ros2_ws1/install/examples_rclcpp_wait_set/lib/examples_rclcpp_wait_set/wait_set_listener" to ""
[2.747s] -- Installing: /home/chenzhibin/My_studyproject/ROS2_Tutorials/chapt2/ros2_ws1/install/examples_rclcpp_wait_set/lib/libtalker.so
[2.749s] -- Set runtime path of "/home/chenzhibin/My_studyproject/ROS2_Tutorials/chapt2/ros2_ws1/install/examples_rclcpp_wait_set/lib/libtalker.so" to ""
[2.749s] -- Installing: /home/chenzhibin/My_studyproject/ROS2_Tutorials/chapt2/ros2_ws1/install/examples_rclcpp_wait_set/lib/liblistener.so
[2.789s] -- Set runtime path of "/home/chenzhibin/My_studyproject/ROS2_Tutorials/chapt2/ros2_ws1/install/examples_rclcpp_wait_set/lib/liblistener.so" to ""
[2.789s] -- Installing: /home/chenzhibin/My_studyproject/ROS2_Tutorials/chapt2/ros2_ws1/install/examples_rclcpp_wait_set/lib/examples_rclcpp_wait_set/wait_set
[2.813s] -- Set runtime path of "/home/chenzhibin/My_studyproject/ROS2_Tutorials/chapt2/ros2_ws1/install/examples_rclcpp_wait_set/lib/examples_rclcpp_wait_set/wait_set" to ""
[2.813s] -- Installing: /home/chenzhibin/My_studyproject/ROS2_Tutorials/chapt2/ros2_ws1/install/examples_rclcpp_wait_set/lib/examples_rclcpp_wait_set/static_wait_set
[2.842s] -- Set runtime path of "/home/chenzhibin/My_studyproject/ROS2_Tutorials/chapt2/ros2_ws1/install/examples_rclcpp_wait_set/lib/examples_rclcpp_wait_set/static_wait_set" to ""
[2.842s] -- Installing: /home/chenzhibin/My_studyproject/ROS2_Tutorials/chapt2/ros2_ws1/install/examples_rclcpp_wait_set/lib/examples_rclcpp_wait_set/thread_safe_wait_set
[2.878s] -- Set runtime path of "/home/chenzhibin/My_studyproject/ROS2_Tutorials/chapt2/ros2_ws1/install/examples_rclcpp_wait_set/lib/examples_rclcpp_wait_set/thread_safe_wait_set" to ""
[2.878s] -- Installing: /home/chenzhibin/My_studyproject/ROS2_Tutorials/chapt2/ros2_ws1/install/examples_rclcpp_wait_set/lib/examples_rclcpp_wait_set/wait_set_topics_and_timer
[2.905s] -- Set runtime path of "/home/chenzhibin/My_studyproject/ROS2_Tutorials/chapt2/ros2_ws1/install/examples_rclcpp_wait_set/lib/examples_rclcpp_wait_set/wait_set_topics_and_timer" to ""
[2.905s] -- Installing: /home/chenzhibin/My_studyproject/ROS2_Tutorials/chapt2/ros2_ws1/install/examples_rclcpp_wait_set/lib/examples_rclcpp_wait_set/wait_set_random_order
[2.933s] -- Set runtime path of "/home/chenzhibin/My_studyproject/ROS2_Tutorials/chapt2/ros2_ws1/install/examples_rclcpp_wait_set/lib/examples_rclcpp_wait_set/wait_set_random_order" to ""
[2.934s] -- Installing: /home/chenzhibin/My_studyproject/ROS2_Tutorials/chapt2/ros2_ws1/install/examples_rclcpp_wait_set/lib/examples_rclcpp_wait_set/executor_random_order
[2.949s] -- Set runtime path of "/home/chenzhibin/My_studyproject/ROS2_Tutorials/chapt2/ros2_ws1/install/examples_rclcpp_wait_set/lib/examples_rclcpp_wait_set/executor_random_order" to ""
[2.949s] -- Installing: /home/chenzhibin/My_studyproject/ROS2_Tutorials/chapt2/ros2_ws1/install/examples_rclcpp_wait_set/lib/examples_rclcpp_wait_set/wait_set_topics_with_different_rates
[2.979s] -- Set runtime path of "/home/chenzhibin/My_studyproject/ROS2_Tutorials/chapt2/ros2_ws1/install/examples_rclcpp_wait_set/lib/examples_rclcpp_wait_set/wait_set_topics_with_different_rates" to ""
[2.979s] -- Installing: /home/chenzhibin/My_studyproject/ROS2_Tutorials/chapt2/ros2_ws1/install/examples_rclcpp_wait_set/lib/examples_rclcpp_wait_set/wait_set_composed
[2.979s] -- Set runtime path of "/home/chenzhibin/My_studyproject/ROS2_Tutorials/chapt2/ros2_ws1/install/examples_rclcpp_wait_set/lib/examples_rclcpp_wait_set/wait_set_composed" to ""
[2.982s] -- Installing: /home/chenzhibin/My_studyproject/ROS2_Tutorials/chapt2/ros2_ws1/install/examples_rclcpp_wait_set/share/ament_index/resource_index/package_run_dependencies/examples_rclcpp_wait_set
[2.982s] -- Installing: /home/chenzhibin/My_studyproject/ROS2_Tutorials/chapt2/ros2_ws1/install/examples_rclcpp_wait_set/share/ament_index/resource_index/parent_prefix_path/examples_rclcpp_wait_set
[2.982s] -- Installing: /home/chenzhibin/My_studyproject/ROS2_Tutorials/chapt2/ros2_ws1/install/examples_rclcpp_wait_set/share/examples_rclcpp_wait_set/environment/ament_prefix_path.sh
[2.982s] -- Installing: /home/chenzhibin/My_studyproject/ROS2_Tutorials/chapt2/ros2_ws1/install/examples_rclcpp_wait_set/share/examples_rclcpp_wait_set/environment/ament_prefix_path.dsv
[2.983s] -- Installing: /home/chenzhibin/My_studyproject/ROS2_Tutorials/chapt2/ros2_ws1/install/examples_rclcpp_wait_set/share/examples_rclcpp_wait_set/environment/path.sh
[2.983s] -- Installing: /home/chenzhibin/My_studyproject/ROS2_Tutorials/chapt2/ros2_ws1/install/examples_rclcpp_wait_set/share/examples_rclcpp_wait_set/environment/path.dsv
[2.985s] -- Installing: /home/chenzhibin/My_studyproject/ROS2_Tutorials/chapt2/ros2_ws1/install/examples_rclcpp_wait_set/share/examples_rclcpp_wait_set/local_setup.bash
[2.986s] -- Installing: /home/chenzhibin/My_studyproject/ROS2_Tutorials/chapt2/ros2_ws1/install/examples_rclcpp_wait_set/share/examples_rclcpp_wait_set/local_setup.sh
[2.988s] -- Installing: /home/chenzhibin/My_studyproject/ROS2_Tutorials/chapt2/ros2_ws1/install/examples_rclcpp_wait_set/share/examples_rclcpp_wait_set/local_setup.zsh
[2.988s] -- Installing: /home/chenzhibin/My_studyproject/ROS2_Tutorials/chapt2/ros2_ws1/install/examples_rclcpp_wait_set/share/examples_rclcpp_wait_set/local_setup.dsv
[2.989s] -- Installing: /home/chenzhibin/My_studyproject/ROS2_Tutorials/chapt2/ros2_ws1/install/examples_rclcpp_wait_set/share/examples_rclcpp_wait_set/package.dsv
[2.990s] -- Installing: /home/chenzhibin/My_studyproject/ROS2_Tutorials/chapt2/ros2_ws1/install/examples_rclcpp_wait_set/share/ament_index/resource_index/packages/examples_rclcpp_wait_set
[3.001s] -- Installing: /home/chenzhibin/My_studyproject/ROS2_Tutorials/chapt2/ros2_ws1/install/examples_rclcpp_wait_set/share/ament_index/resource_index/rclcpp_components/examples_rclcpp_wait_set
[3.006s] -- Installing: /home/chenzhibin/My_studyproject/ROS2_Tutorials/chapt2/ros2_ws1/install/examples_rclcpp_wait_set/share/examples_rclcpp_wait_set/cmake/examples_rclcpp_wait_setConfig.cmake
[3.006s] -- Installing: /home/chenzhibin/My_studyproject/ROS2_Tutorials/chapt2/ros2_ws1/install/examples_rclcpp_wait_set/share/examples_rclcpp_wait_set/cmake/examples_rclcpp_wait_setConfig-version.cmake
[3.013s] -- Installing: /home/chenzhibin/My_studyproject/ROS2_Tutorials/chapt2/ros2_ws1/install/examples_rclcpp_wait_set/share/examples_rclcpp_wait_set/package.xml
[3.304s] Invoked command in '/home/chenzhibin/My_studyproject/ROS2_Tutorials/chapt2/ros2_ws1/build/examples_rclcpp_wait_set' returned '0': CMAKE_PREFIX_PATH=/opt/ros/humble /usr/bin/cmake --install /home/chenzhibin/My_studyproject/ROS2_Tutorials/chapt2/ros2_ws1/build/examples_rclcpp_wait_set
