[0.116s] Invoking command in '/home/chenzhibin/My_studyproject/ROS2_Tutorials/chapt2/ros2_ws1/build/examples_rclcpp_multithreaded_executor': CMAKE_PREFIX_PATH=/opt/ros/humble /usr/bin/cmake /home/chenzhibin/My_studyproject/ROS2_Tutorials/chapt2/ros2_ws1/src/src/examples/rclcpp/executors/multithreaded_executor -DCMAKE_INSTALL_PREFIX=/home/chenzhibin/My_studyproject/ROS2_Tutorials/chapt2/ros2_ws1/install/examples_rclcpp_multithreaded_executor
[1.940s] -- The C compiler identification is GNU 11.4.0
[1.940s] -- The CXX compiler identification is GNU 11.4.0
[1.940s] -- Detecting C compiler ABI info
[1.940s] -- Detecting C compiler ABI info - done
[1.940s] -- Check for working C compiler: /usr/bin/cc - skipped
[1.940s] -- Detecting C compile features
[1.940s] -- Detecting C compile features - done
[1.940s] -- Detecting CXX compiler ABI info
[1.940s] -- Detecting CXX compiler ABI info - done
[1.942s] -- Check for working CXX compiler: /usr/bin/c++ - skipped
[1.942s] -- Detecting CXX compile features
[1.943s] -- Detecting CXX compile features - done
[1.943s] -- Found ament_cmake: 1.3.14 (/opt/ros/humble/share/ament_cmake/cmake)
[1.943s] -- Found Python3: /usr/bin/python3 (found version "3.10.12") found components: Interpreter 
[1.943s] -- Found rclcpp: 16.0.19 (/opt/ros/humble/share/rclcpp/cmake)
[1.943s] -- Found rosidl_generator_c: 3.1.8 (/opt/ros/humble/share/rosidl_generator_c/cmake)
[1.943s] -- Found rosidl_adapter: 3.1.8 (/opt/ros/humble/share/rosidl_adapter/cmake)
[1.944s] -- Found rosidl_generator_cpp: 3.1.8 (/opt/ros/humble/share/rosidl_generator_cpp/cmake)
[1.944s] -- Using all available rosidl_typesupport_c: rosidl_typesupport_fastrtps_c;rosidl_typesupport_introspection_c
[1.944s] -- Using all available rosidl_typesupport_cpp: rosidl_typesupport_fastrtps_cpp;rosidl_typesupport_introspection_cpp
[1.944s] -- Found rmw_implementation_cmake: 6.1.2 (/opt/ros/humble/share/rmw_implementation_cmake/cmake)
[1.945s] -- Found rmw_fastrtps_cpp: 6.2.10 (/opt/ros/humble/share/rmw_fastrtps_cpp/cmake)
[2.660s] -- Found OpenSSL: /usr/lib/x86_64-linux-gnu/libcrypto.so (found version "3.0.2")  
[3.585s] -- Found FastRTPS: /opt/ros/humble/include  
[5.042s] -- Using RMW implementation 'rmw_fastrtps_cpp' as default
[5.056s] -- Looking for pthread.h
[5.230s] -- Looking for pthread.h - found
[5.230s] -- Performing Test CMAKE_HAVE_LIBC_PTHREAD
[5.392s] -- Performing Test CMAKE_HAVE_LIBC_PTHREAD - Success
[5.395s] -- Found Threads: TRUE  
[5.462s] -- Found ament_lint_auto: 0.12.15 (/opt/ros/humble/share/ament_lint_auto/cmake)
[5.543s] -- Added test 'copyright' to check source files copyright and LICENSE
[5.545s] -- Added test 'cppcheck' to perform static code analysis on C / C++ code
[5.546s] -- Configured cppcheck include dirs: 
[5.546s] -- Configured cppcheck exclude dirs and/or files: 
[5.547s] -- Added test 'cpplint' to check C / C++ code against the Google style
[5.547s] -- Configured cpplint exclude dirs and/or files: 
[5.548s] -- Added test 'lint_cmake' to check CMake code style
[5.550s] -- Added test 'uncrustify' to check C / C++ code style
[5.550s] -- Configured uncrustify additional arguments: 
[5.552s] -- Added test 'xmllint' to check XML markup files
[5.554s] -- Configuring done
[5.567s] -- Generating done
[5.570s] -- Build files have been written to: /home/chenzhibin/My_studyproject/ROS2_Tutorials/chapt2/ros2_ws1/build/examples_rclcpp_multithreaded_executor
[5.579s] Invoked command in '/home/chenzhibin/My_studyproject/ROS2_Tutorials/chapt2/ros2_ws1/build/examples_rclcpp_multithreaded_executor' returned '0': CMAKE_PREFIX_PATH=/opt/ros/humble /usr/bin/cmake /home/chenzhibin/My_studyproject/ROS2_Tutorials/chapt2/ros2_ws1/src/src/examples/rclcpp/executors/multithreaded_executor -DCMAKE_INSTALL_PREFIX=/home/chenzhibin/My_studyproject/ROS2_Tutorials/chapt2/ros2_ws1/install/examples_rclcpp_multithreaded_executor
[5.582s] Invoking command in '/home/chenzhibin/My_studyproject/ROS2_Tutorials/chapt2/ros2_ws1/build/examples_rclcpp_multithreaded_executor': CMAKE_PREFIX_PATH=/opt/ros/humble /usr/bin/cmake --build /home/chenzhibin/My_studyproject/ROS2_Tutorials/chapt2/ros2_ws1/build/examples_rclcpp_multithreaded_executor -- -j32 -l32
[5.633s] [ 50%] [32mBuilding CXX object CMakeFiles/multithreaded_executor.dir/multithreaded_executor.cpp.o[0m
[307.890s] [100%] [32m[1mLinking CXX executable multithreaded_executor[0m
[308.539s] [100%] Built target multithreaded_executor
