[0.117s] Invoking command in '/home/chenzhibin/My_studyproject/ROS2_Tutorials/chapt2/ros2_ws1/build/examples_rclcpp_async_client': CMAKE_PREFIX_PATH=/opt/ros/humble /usr/bin/cmake /home/chenzhibin/My_studyproject/ROS2_Tutorials/chapt2/ros2_ws1/src/src/examples/rclcpp/services/async_client -DCMAKE_INSTALL_PREFIX=/home/chenzhibin/My_studyproject/ROS2_Tutorials/chapt2/ros2_ws1/install/examples_rclcpp_async_client
[1.939s] -- The C compiler identification is GNU 11.4.0
[1.940s] -- The CXX compiler identification is GNU 11.4.0
[1.940s] -- Detecting C compiler ABI info
[1.941s] -- Detecting C compiler ABI info - done
[1.942s] -- Check for working C compiler: /usr/bin/cc - skipped
[1.944s] -- Detecting C compile features
[1.945s] -- Detecting C compile features - done
[1.947s] -- Detecting CXX compiler ABI info
[1.948s] -- Detecting CXX compiler ABI info - done
[1.950s] -- Check for working CXX compiler: /usr/bin/c++ - skipped
[1.952s] -- Detecting CXX compile features
[1.952s] -- Detecting CXX compile features - done
[1.953s] -- Found ament_cmake: 1.3.14 (/opt/ros/humble/share/ament_cmake/cmake)
[1.953s] -- Found Python3: /usr/bin/python3 (found version "3.10.12") found components: Interpreter 
[1.953s] -- Found example_interfaces: 0.9.3 (/opt/ros/humble/share/example_interfaces/cmake)
[1.954s] -- Found rosidl_generator_c: 3.1.8 (/opt/ros/humble/share/rosidl_generator_c/cmake)
[1.955s] -- Found rosidl_adapter: 3.1.8 (/opt/ros/humble/share/rosidl_adapter/cmake)
[1.955s] -- Found rosidl_generator_cpp: 3.1.8 (/opt/ros/humble/share/rosidl_generator_cpp/cmake)
[1.956s] -- Using all available rosidl_typesupport_c: rosidl_typesupport_fastrtps_c;rosidl_typesupport_introspection_c
[1.956s] -- Using all available rosidl_typesupport_cpp: rosidl_typesupport_fastrtps_cpp;rosidl_typesupport_introspection_cpp
[1.956s] -- Found rclcpp: 16.0.19 (/opt/ros/humble/share/rclcpp/cmake)
[1.956s] -- Found rmw_implementation_cmake: 6.1.2 (/opt/ros/humble/share/rmw_implementation_cmake/cmake)
[1.957s] -- Found rmw_fastrtps_cpp: 6.2.10 (/opt/ros/humble/share/rmw_fastrtps_cpp/cmake)
[2.696s] -- Found OpenSSL: /usr/lib/x86_64-linux-gnu/libcrypto.so (found version "3.0.2")  
[3.626s] -- Found FastRTPS: /opt/ros/humble/include  
[5.084s] -- Using RMW implementation 'rmw_fastrtps_cpp' as default
[5.097s] -- Looking for pthread.h
[5.271s] -- Looking for pthread.h - found
[5.271s] -- Performing Test CMAKE_HAVE_LIBC_PTHREAD
[5.434s] -- Performing Test CMAKE_HAVE_LIBC_PTHREAD - Success
[5.436s] -- Found Threads: TRUE  
[5.503s] -- Found ament_lint_auto: 0.12.15 (/opt/ros/humble/share/ament_lint_auto/cmake)
[5.585s] -- Added test 'copyright' to check source files copyright and LICENSE
[5.587s] -- Added test 'cppcheck' to perform static code analysis on C / C++ code
[5.588s] -- Configured cppcheck include dirs: 
[5.588s] -- Configured cppcheck exclude dirs and/or files: 
[5.588s] -- Added test 'cpplint' to check C / C++ code against the Google style
[5.588s] -- Configured cpplint exclude dirs and/or files: 
[5.590s] -- Added test 'lint_cmake' to check CMake code style
[5.591s] -- Added test 'uncrustify' to check C / C++ code style
[5.591s] -- Configured uncrustify additional arguments: 
[5.593s] -- Added test 'xmllint' to check XML markup files
[5.595s] -- Configuring done
[5.608s] -- Generating done
[5.613s] -- Build files have been written to: /home/chenzhibin/My_studyproject/ROS2_Tutorials/chapt2/ros2_ws1/build/examples_rclcpp_async_client
[5.631s] Invoked command in '/home/chenzhibin/My_studyproject/ROS2_Tutorials/chapt2/ros2_ws1/build/examples_rclcpp_async_client' returned '0': CMAKE_PREFIX_PATH=/opt/ros/humble /usr/bin/cmake /home/chenzhibin/My_studyproject/ROS2_Tutorials/chapt2/ros2_ws1/src/src/examples/rclcpp/services/async_client -DCMAKE_INSTALL_PREFIX=/home/chenzhibin/My_studyproject/ROS2_Tutorials/chapt2/ros2_ws1/install/examples_rclcpp_async_client
[5.632s] Invoking command in '/home/chenzhibin/My_studyproject/ROS2_Tutorials/chapt2/ros2_ws1/build/examples_rclcpp_async_client': CMAKE_PREFIX_PATH=/opt/ros/humble /usr/bin/cmake --build /home/chenzhibin/My_studyproject/ROS2_Tutorials/chapt2/ros2_ws1/build/examples_rclcpp_async_client -- -j32 -l32
[5.682s] [ 50%] [32mBuilding CXX object CMakeFiles/client_main.dir/main.cpp.o[0m
[293.679s] [100%] [32m[1mLinking CXX executable client_main[0m
[294.741s] [100%] Built target client_main
