[0.115s] Invoking command in '/home/chenzhibin/My_studyproject/ROS2_Tutorials/chapt2/ros2_ws1/build/examples_rclcpp_minimal_action_server': CMAKE_PREFIX_PATH=/opt/ros/humble /usr/bin/cmake /home/chenzhibin/My_studyproject/ROS2_Tutorials/chapt2/ros2_ws1/src/src/examples/rclcpp/actions/minimal_action_server -DCMAKE_INSTALL_PREFIX=/home/chenzhibin/My_studyproject/ROS2_Tutorials/chapt2/ros2_ws1/install/examples_rclcpp_minimal_action_server
[1.943s] -- The C compiler identification is GNU 11.4.0
[1.943s] -- The CXX compiler identification is GNU 11.4.0
[1.943s] -- Detecting C compiler ABI info
[1.944s] -- Detecting C compiler ABI info - done
[1.944s] -- Check for working C compiler: /usr/bin/cc - skipped
[1.944s] -- Detecting C compile features
[1.944s] -- Detecting C compile features - done
[1.944s] -- Detecting CXX compiler ABI info
[1.945s] -- Detecting CXX compiler ABI info - done
[1.945s] -- Check for working CXX compiler: /usr/bin/c++ - skipped
[1.945s] -- Detecting CXX compile features
[1.945s] -- Detecting CXX compile features - done
[1.945s] -- Found ament_cmake: 1.3.14 (/opt/ros/humble/share/ament_cmake/cmake)
[1.945s] -- Found Python3: /usr/bin/python3 (found version "3.10.12") found components: Interpreter 
[1.945s] -- Found example_interfaces: 0.9.3 (/opt/ros/humble/share/example_interfaces/cmake)
[1.945s] -- Found rosidl_generator_c: 3.1.8 (/opt/ros/humble/share/rosidl_generator_c/cmake)
[1.945s] -- Found rosidl_adapter: 3.1.8 (/opt/ros/humble/share/rosidl_adapter/cmake)
[1.945s] -- Found rosidl_generator_cpp: 3.1.8 (/opt/ros/humble/share/rosidl_generator_cpp/cmake)
[1.945s] -- Using all available rosidl_typesupport_c: rosidl_typesupport_fastrtps_c;rosidl_typesupport_introspection_c
[1.945s] -- Using all available rosidl_typesupport_cpp: rosidl_typesupport_fastrtps_cpp;rosidl_typesupport_introspection_cpp
[1.945s] -- Found rclcpp: 16.0.19 (/opt/ros/humble/share/rclcpp/cmake)
[1.945s] -- Found rmw_implementation_cmake: 6.1.2 (/opt/ros/humble/share/rmw_implementation_cmake/cmake)
[1.945s] -- Found rmw_fastrtps_cpp: 6.2.10 (/opt/ros/humble/share/rmw_fastrtps_cpp/cmake)
[2.684s] -- Found OpenSSL: /usr/lib/x86_64-linux-gnu/libcrypto.so (found version "3.0.2")  
[3.610s] -- Found FastRTPS: /opt/ros/humble/include  
[5.068s] -- Using RMW implementation 'rmw_fastrtps_cpp' as default
[5.082s] -- Looking for pthread.h
[5.256s] -- Looking for pthread.h - found
[5.256s] -- Performing Test CMAKE_HAVE_LIBC_PTHREAD
[5.417s] -- Performing Test CMAKE_HAVE_LIBC_PTHREAD - Success
[5.420s] -- Found Threads: TRUE  
[5.487s] -- Found rclcpp_action: 16.0.19 (/opt/ros/humble/share/rclcpp_action/cmake)
[5.503s] -- Found ament_lint_auto: 0.12.15 (/opt/ros/humble/share/ament_lint_auto/cmake)
[5.569s] -- Added test 'copyright' to check source files copyright and LICENSE
[5.571s] -- Added test 'cppcheck' to perform static code analysis on C / C++ code
[5.571s] -- Configured cppcheck include dirs: 
[5.571s] -- Configured cppcheck exclude dirs and/or files: 
[5.573s] -- Added test 'cpplint' to check C / C++ code against the Google style
[5.573s] -- Configured cpplint exclude dirs and/or files: 
[5.575s] -- Added test 'lint_cmake' to check CMake code style
[5.576s] -- Added test 'uncrustify' to check C / C++ code style
[5.577s] -- Configured uncrustify additional arguments: 
[5.577s] -- Added test 'xmllint' to check XML markup files
[5.580s] -- Configuring done
[5.596s] -- Generating done
[5.601s] -- Build files have been written to: /home/chenzhibin/My_studyproject/ROS2_Tutorials/chapt2/ros2_ws1/build/examples_rclcpp_minimal_action_server
[5.622s] Invoked command in '/home/chenzhibin/My_studyproject/ROS2_Tutorials/chapt2/ros2_ws1/build/examples_rclcpp_minimal_action_server' returned '0': CMAKE_PREFIX_PATH=/opt/ros/humble /usr/bin/cmake /home/chenzhibin/My_studyproject/ROS2_Tutorials/chapt2/ros2_ws1/src/src/examples/rclcpp/actions/minimal_action_server -DCMAKE_INSTALL_PREFIX=/home/chenzhibin/My_studyproject/ROS2_Tutorials/chapt2/ros2_ws1/install/examples_rclcpp_minimal_action_server
[5.625s] Invoking command in '/home/chenzhibin/My_studyproject/ROS2_Tutorials/chapt2/ros2_ws1/build/examples_rclcpp_minimal_action_server': CMAKE_PREFIX_PATH=/opt/ros/humble /usr/bin/cmake --build /home/chenzhibin/My_studyproject/ROS2_Tutorials/chapt2/ros2_ws1/build/examples_rclcpp_minimal_action_server -- -j32 -l32
[5.673s] [ 25%] [32mBuilding CXX object CMakeFiles/action_server_not_composable.dir/not_composable.cpp.o[0m
[5.675s] [ 50%] [32mBuilding CXX object CMakeFiles/action_server_member_functions.dir/member_functions.cpp.o[0m
[285.243s] [ 75%] [32m[1mLinking CXX executable action_server_not_composable[0m
[285.889s] [ 75%] Built target action_server_not_composable
[292.086s] [100%] [32m[1mLinking CXX executable action_server_member_functions[0m
[292.727s] [100%] Built target action_server_member_functions
