[0.118s] Invoking command in '/home/chenzhibin/My_studyproject/ROS2_Tutorials/chapt2/ros2_ws1/build/examples_rclcpp_wait_set': CMAKE_PREFIX_PATH=/opt/ros/humble /usr/bin/cmake /home/chenzhibin/My_studyproject/ROS2_Tutorials/chapt2/ros2_ws1/src/src/examples/rclcpp/wait_set -DCMAKE_INSTALL_PREFIX=/home/chenzhibin/My_studyproject/ROS2_Tutorials/chapt2/ros2_ws1/install/examples_rclcpp_wait_set
[1.941s] -- The C compiler identification is GNU 11.4.0
[1.941s] -- The CXX compiler identification is GNU 11.4.0
[1.941s] -- Detecting C compiler ABI info
[1.941s] -- Detecting C compiler ABI info - done
[1.942s] -- Check for working C compiler: /usr/bin/cc - skipped
[1.942s] -- Detecting C compile features
[1.942s] -- Detecting C compile features - done
[1.942s] -- Detecting CXX compiler ABI info
[1.942s] -- Detecting CXX compiler ABI info - done
[1.942s] -- Check for working CXX compiler: /usr/bin/c++ - skipped
[1.942s] -- Detecting CXX compile features
[1.942s] -- Detecting CXX compile features - done
[1.942s] -- Found ament_cmake: 1.3.14 (/opt/ros/humble/share/ament_cmake/cmake)
[1.942s] -- Found Python3: /usr/bin/python3 (found version "3.10.12") found components: Interpreter 
[1.942s] -- Found example_interfaces: 0.9.3 (/opt/ros/humble/share/example_interfaces/cmake)
[1.943s] -- Found rosidl_generator_c: 3.1.8 (/opt/ros/humble/share/rosidl_generator_c/cmake)
[1.943s] -- Found rosidl_adapter: 3.1.8 (/opt/ros/humble/share/rosidl_adapter/cmake)
[1.943s] -- Found rosidl_generator_cpp: 3.1.8 (/opt/ros/humble/share/rosidl_generator_cpp/cmake)
[1.943s] -- Using all available rosidl_typesupport_c: rosidl_typesupport_fastrtps_c;rosidl_typesupport_introspection_c
[1.943s] -- Using all available rosidl_typesupport_cpp: rosidl_typesupport_fastrtps_cpp;rosidl_typesupport_introspection_cpp
[1.943s] -- Found rclcpp: 16.0.19 (/opt/ros/humble/share/rclcpp/cmake)
[1.943s] -- Found rmw_implementation_cmake: 6.1.2 (/opt/ros/humble/share/rmw_implementation_cmake/cmake)
[1.943s] -- Found rmw_fastrtps_cpp: 6.2.10 (/opt/ros/humble/share/rmw_fastrtps_cpp/cmake)
[2.653s] -- Found OpenSSL: /usr/lib/x86_64-linux-gnu/libcrypto.so (found version "3.0.2")  
[3.582s] -- Found FastRTPS: /opt/ros/humble/include  
[5.040s] -- Using RMW implementation 'rmw_fastrtps_cpp' as default
[5.053s] -- Looking for pthread.h
[5.225s] -- Looking for pthread.h - found
[5.226s] -- Performing Test CMAKE_HAVE_LIBC_PTHREAD
[5.391s] -- Performing Test CMAKE_HAVE_LIBC_PTHREAD - Success
[5.392s] -- Found Threads: TRUE  
[5.459s] -- Found rclcpp_components: 16.0.19 (/opt/ros/humble/share/rclcpp_components/cmake)
[5.504s] -- Found ament_lint_auto: 0.12.15 (/opt/ros/humble/share/ament_lint_auto/cmake)
[5.566s] -- Added test 'copyright' to check source files copyright and LICENSE
[5.568s] -- Added test 'cppcheck' to perform static code analysis on C / C++ code
[5.568s] -- Configured cppcheck include dirs: /home/chenzhibin/My_studyproject/ROS2_Tutorials/chapt2/ros2_ws1/src/src/examples/rclcpp/wait_set/include
[5.568s] -- Configured cppcheck exclude dirs and/or files: 
[5.570s] -- Added test 'cpplint' to check C / C++ code against the Google style
[5.570s] -- Configured cpplint exclude dirs and/or files: 
[5.571s] -- Added test 'lint_cmake' to check CMake code style
[5.573s] -- Added test 'uncrustify' to check C / C++ code style
[5.573s] -- Configured uncrustify additional arguments: 
[5.574s] -- Added test 'xmllint' to check XML markup files
[5.575s] -- Configuring done
[5.623s] -- Generating done
[5.643s] -- Build files have been written to: /home/chenzhibin/My_studyproject/ROS2_Tutorials/chapt2/ros2_ws1/build/examples_rclcpp_wait_set
[5.658s] Invoked command in '/home/chenzhibin/My_studyproject/ROS2_Tutorials/chapt2/ros2_ws1/build/examples_rclcpp_wait_set' returned '0': CMAKE_PREFIX_PATH=/opt/ros/humble /usr/bin/cmake /home/chenzhibin/My_studyproject/ROS2_Tutorials/chapt2/ros2_ws1/src/src/examples/rclcpp/wait_set -DCMAKE_INSTALL_PREFIX=/home/chenzhibin/My_studyproject/ROS2_Tutorials/chapt2/ros2_ws1/install/examples_rclcpp_wait_set
[5.661s] Invoking command in '/home/chenzhibin/My_studyproject/ROS2_Tutorials/chapt2/ros2_ws1/build/examples_rclcpp_wait_set': CMAKE_PREFIX_PATH=/opt/ros/humble /usr/bin/cmake --build /home/chenzhibin/My_studyproject/ROS2_Tutorials/chapt2/ros2_ws1/build/examples_rclcpp_wait_set -- -j32 -l32
[5.731s] [  4%] [32mBuilding CXX object CMakeFiles/listener.dir/src/listener.cpp.o[0m
[5.731s] [  8%] [32mBuilding CXX object CMakeFiles/wait_set.dir/src/wait_set.cpp.o[0m
[5.732s] [ 12%] [32mBuilding CXX object CMakeFiles/wait_set_listener.dir/rclcpp_components/node_main_wait_set_listener.cpp.o[0m
[5.735s] [ 16%] [32mBuilding CXX object CMakeFiles/wait_set_talker.dir/rclcpp_components/node_main_wait_set_talker.cpp.o[0m
[5.735s] [ 20%] [32mBuilding CXX object CMakeFiles/thread_safe_wait_set.dir/src/thread_safe_wait_set.cpp.o[0m
[5.736s] [ 25%] [32mBuilding CXX object CMakeFiles/static_wait_set.dir/src/static_wait_set.cpp.o[0m
[5.740s] [ 29%] [32mBuilding CXX object CMakeFiles/talker.dir/src/talker.cpp.o[0m
[5.752s] [ 33%] [32mBuilding CXX object CMakeFiles/executor_random_order.dir/src/executor_random_order.cpp.o[0m
[5.752s] [ 37%] [32mBuilding CXX object CMakeFiles/wait_set_topics_and_timer.dir/src/wait_set_topics_and_timer.cpp.o[0m
[5.753s] [ 41%] [32mBuilding CXX object CMakeFiles/wait_set_random_order.dir/src/wait_set_random_order.cpp.o[0m
[5.770s] [ 45%] [32mBuilding CXX object CMakeFiles/wait_set_topics_with_different_rates.dir/src/wait_set_topics_with_different_rates.cpp.o[0m
[285.991s] [ 50%] [32m[1mLinking CXX executable wait_set_listener[0m
[287.128s] [ 50%] Built target wait_set_listener
[290.013s] [ 54%] [32m[1mLinking CXX executable wait_set_talker[0m
[291.064s] [ 54%] Built target wait_set_talker
[292.040s] [ 58%] [32m[1mLinking CXX shared library libtalker.so[0m
[292.790s] [ 58%] Built target talker
[305.839s] [ 62%] [32m[1mLinking CXX executable executor_random_order[0m
[306.124s] [ 66%] [32m[1mLinking CXX executable static_wait_set[0m
[306.470s] [ 70%] [32m[1mLinking CXX executable wait_set_topics_with_different_rates[0m
[307.088s] [ 75%] [32m[1mLinking CXX executable thread_safe_wait_set[0m
[307.143s] [ 75%] Built target executor_random_order
[307.219s] [ 79%] [32m[1mLinking CXX executable wait_set_random_order[0m
[307.323s] [ 83%] [32m[1mLinking CXX executable wait_set_topics_and_timer[0m
[307.374s] [ 83%] Built target static_wait_set
[307.666s] [ 83%] Built target wait_set_topics_with_different_rates
[307.855s] [ 87%] [32m[1mLinking CXX executable wait_set[0m
[307.994s] [ 87%] Built target thread_safe_wait_set
[308.032s] [ 87%] Built target wait_set_random_order
[308.092s] [ 87%] Built target wait_set_topics_and_timer
[308.438s] [ 91%] [32m[1mLinking CXX shared library liblistener.so[0m
[308.562s] [ 91%] Built target wait_set
[308.972s] [ 91%] Built target listener
[309.000s] [ 95%] [32mBuilding CXX object CMakeFiles/wait_set_composed.dir/src/wait_set_composed.cpp.o[0m
[312.237s] [100%] [32m[1mLinking CXX executable wait_set_composed[0m
[312.608s] [100%] Built target wait_set_composed
