[0.114s] Invoking command in '/home/chenzhibin/My_studyproject/ROS2_Tutorials/chapt2/ros2_ws1/build/examples_rclcpp_minimal_publisher': CMAKE_PREFIX_PATH=/opt/ros/humble /usr/bin/cmake /home/chenzhibin/My_studyproject/ROS2_Tutorials/chapt2/ros2_ws1/src/src/examples/rclcpp/topics/minimal_publisher -DCMAKE_INSTALL_PREFIX=/home/chenzhibin/My_studyproject/ROS2_Tutorials/chapt2/ros2_ws1/install/examples_rclcpp_minimal_publisher
[1.945s] -- The C compiler identification is GNU 11.4.0
[1.945s] -- The CXX compiler identification is GNU 11.4.0
[1.945s] -- Detecting C compiler ABI info
[1.945s] -- Detecting C compiler ABI info - done
[1.945s] -- Check for working C compiler: /usr/bin/cc - skipped
[1.945s] -- Detecting C compile features
[1.945s] -- Detecting C compile features - done
[1.945s] -- Detecting CXX compiler ABI info
[1.945s] -- Detecting CXX compiler ABI info - done
[1.945s] -- Check for working CXX compiler: /usr/bin/c++ - skipped
[1.945s] -- Detecting CXX compile features
[1.945s] -- Detecting CXX compile features - done
[1.945s] -- Found ament_cmake: 1.3.14 (/opt/ros/humble/share/ament_cmake/cmake)
[1.945s] -- Found Python3: /usr/bin/python3 (found version "3.10.12") found components: Interpreter 
[1.947s] -- Found rclcpp: 16.0.19 (/opt/ros/humble/share/rclcpp/cmake)
[1.947s] -- Found rosidl_generator_c: 3.1.8 (/opt/ros/humble/share/rosidl_generator_c/cmake)
[1.948s] -- Found rosidl_adapter: 3.1.8 (/opt/ros/humble/share/rosidl_adapter/cmake)
[1.948s] -- Found rosidl_generator_cpp: 3.1.8 (/opt/ros/humble/share/rosidl_generator_cpp/cmake)
[1.948s] -- Using all available rosidl_typesupport_c: rosidl_typesupport_fastrtps_c;rosidl_typesupport_introspection_c
[1.948s] -- Using all available rosidl_typesupport_cpp: rosidl_typesupport_fastrtps_cpp;rosidl_typesupport_introspection_cpp
[1.948s] -- Found rmw_implementation_cmake: 6.1.2 (/opt/ros/humble/share/rmw_implementation_cmake/cmake)
[1.948s] -- Found rmw_fastrtps_cpp: 6.2.10 (/opt/ros/humble/share/rmw_fastrtps_cpp/cmake)
[2.670s] -- Found OpenSSL: /usr/lib/x86_64-linux-gnu/libcrypto.so (found version "3.0.2")  
[3.600s] -- Found FastRTPS: /opt/ros/humble/include  
[5.058s] -- Using RMW implementation 'rmw_fastrtps_cpp' as default
[5.071s] -- Looking for pthread.h
[5.243s] -- Looking for pthread.h - found
[5.245s] -- Performing Test CMAKE_HAVE_LIBC_PTHREAD
[5.408s] -- Performing Test CMAKE_HAVE_LIBC_PTHREAD - Success
[5.410s] -- Found Threads: TRUE  
[5.477s] -- Found ament_lint_auto: 0.12.15 (/opt/ros/humble/share/ament_lint_auto/cmake)
[5.559s] -- Added test 'copyright' to check source files copyright and LICENSE
[5.562s] -- Added test 'cppcheck' to perform static code analysis on C / C++ code
[5.562s] -- Configured cppcheck include dirs: 
[5.562s] -- Configured cppcheck exclude dirs and/or files: 
[5.564s] -- Added test 'cpplint' to check C / C++ code against the Google style
[5.564s] -- Configured cpplint exclude dirs and/or files: 
[5.565s] -- Added test 'lint_cmake' to check CMake code style
[5.567s] -- Added test 'uncrustify' to check C / C++ code style
[5.567s] -- Configured uncrustify additional arguments: 
[5.568s] -- Added test 'xmllint' to check XML markup files
[5.569s] -- Configuring done
[5.598s] -- Generating done
[5.607s] -- Build files have been written to: /home/chenzhibin/My_studyproject/ROS2_Tutorials/chapt2/ros2_ws1/build/examples_rclcpp_minimal_publisher
[5.620s] Invoked command in '/home/chenzhibin/My_studyproject/ROS2_Tutorials/chapt2/ros2_ws1/build/examples_rclcpp_minimal_publisher' returned '0': CMAKE_PREFIX_PATH=/opt/ros/humble /usr/bin/cmake /home/chenzhibin/My_studyproject/ROS2_Tutorials/chapt2/ros2_ws1/src/src/examples/rclcpp/topics/minimal_publisher -DCMAKE_INSTALL_PREFIX=/home/chenzhibin/My_studyproject/ROS2_Tutorials/chapt2/ros2_ws1/install/examples_rclcpp_minimal_publisher
[5.622s] Invoking command in '/home/chenzhibin/My_studyproject/ROS2_Tutorials/chapt2/ros2_ws1/build/examples_rclcpp_minimal_publisher': CMAKE_PREFIX_PATH=/opt/ros/humble /usr/bin/cmake --build /home/chenzhibin/My_studyproject/ROS2_Tutorials/chapt2/ros2_ws1/build/examples_rclcpp_minimal_publisher -- -j32 -l32
[5.674s] [ 16%] [32mBuilding CXX object CMakeFiles/publisher_wait_for_all_acked.dir/member_function_with_wait_for_all_acked.cpp.o[0m
[5.674s] [ 16%] [32mBuilding CXX object CMakeFiles/publisher_member_function_with_type_adapter.dir/member_function_with_type_adapter.cpp.o[0m
[5.674s] [ 33%] [32mBuilding CXX object CMakeFiles/publisher_lambda.dir/lambda.cpp.o[0m
[5.674s] [ 33%] [32mBuilding CXX object CMakeFiles/publisher_member_function.dir/member_function.cpp.o[0m
[5.675s] [ 41%] [32mBuilding CXX object CMakeFiles/publisher_member_function_with_unique_network_flow_endpoints.dir/member_function_with_unique_network_flow_endpoints.cpp.o[0m
[5.675s] [ 50%] [32mBuilding CXX object CMakeFiles/publisher_not_composable.dir/not_composable.cpp.o[0m
[288.766s] [ 58%] [32m[1mLinking CXX executable publisher_member_function[0m
[289.433s] [ 66%] [32m[1mLinking CXX executable publisher_member_function_with_unique_network_flow_endpoints[0m
[289.817s] [ 66%] Built target publisher_member_function
[289.991s] [ 75%] [32m[1mLinking CXX executable publisher_not_composable[0m
[290.425s] [ 75%] Built target publisher_member_function_with_unique_network_flow_endpoints
[291.400s] [ 75%] Built target publisher_not_composable
[292.237s] [ 83%] [32m[1mLinking CXX executable publisher_member_function_with_type_adapter[0m
[292.605s] [ 91%] [32m[1mLinking CXX executable publisher_wait_for_all_acked[0m
[293.064s] [ 91%] Built target publisher_member_function_with_type_adapter
[293.762s] [ 91%] Built target publisher_wait_for_all_acked
[294.188s] [100%] [32m[1mLinking CXX executable publisher_lambda[0m
[295.304s] [100%] Built target publisher_lambda
