[0.114s] Invoking command in '/home/chenzhibin/My_studyproject/ROS2_Tutorials/chapt2/ros2_ws1/build/examples_rclcpp_minimal_composition': CMAKE_PREFIX_PATH=/opt/ros/humble /usr/bin/cmake /home/chenzhibin/My_studyproject/ROS2_Tutorials/chapt2/ros2_ws1/src/src/examples/rclcpp/composition/minimal_composition -DCMAKE_INSTALL_PREFIX=/home/chenzhibin/My_studyproject/ROS2_Tutorials/chapt2/ros2_ws1/install/examples_rclcpp_minimal_composition
[1.947s] -- The C compiler identification is GNU 11.4.0
[1.947s] -- The CXX compiler identification is GNU 11.4.0
[1.947s] -- Detecting C compiler ABI info
[1.947s] -- Detecting C compiler ABI info - done
[1.948s] -- Check for working C compiler: /usr/bin/cc - skipped
[1.948s] -- Detecting C compile features
[1.948s] -- Detecting C compile features - done
[1.948s] -- Detecting CXX compiler ABI info
[1.948s] -- Detecting CXX compiler ABI info - done
[1.948s] -- Check for working CXX compiler: /usr/bin/c++ - skipped
[1.948s] -- Detecting CXX compile features
[1.948s] -- Detecting CXX compile features - done
[1.948s] -- Found ament_cmake: 1.3.14 (/opt/ros/humble/share/ament_cmake/cmake)
[1.948s] -- Found Python3: /usr/bin/python3 (found version "3.10.12") found components: Interpreter 
[1.948s] -- Found rclcpp: 16.0.19 (/opt/ros/humble/share/rclcpp/cmake)
[1.948s] -- Found rosidl_generator_c: 3.1.8 (/opt/ros/humble/share/rosidl_generator_c/cmake)
[1.948s] -- Found rosidl_adapter: 3.1.8 (/opt/ros/humble/share/rosidl_adapter/cmake)
[1.948s] -- Found rosidl_generator_cpp: 3.1.8 (/opt/ros/humble/share/rosidl_generator_cpp/cmake)
[1.948s] -- Using all available rosidl_typesupport_c: rosidl_typesupport_fastrtps_c;rosidl_typesupport_introspection_c
[1.948s] -- Using all available rosidl_typesupport_cpp: rosidl_typesupport_fastrtps_cpp;rosidl_typesupport_introspection_cpp
[1.948s] -- Found rmw_implementation_cmake: 6.1.2 (/opt/ros/humble/share/rmw_implementation_cmake/cmake)
[1.948s] -- Found rmw_fastrtps_cpp: 6.2.10 (/opt/ros/humble/share/rmw_fastrtps_cpp/cmake)
[2.674s] -- Found OpenSSL: /usr/lib/x86_64-linux-gnu/libcrypto.so (found version "3.0.2")  
[3.603s] -- Found FastRTPS: /opt/ros/humble/include  
[5.061s] -- Using RMW implementation 'rmw_fastrtps_cpp' as default
[5.074s] -- Looking for pthread.h
[5.248s] -- Looking for pthread.h - found
[5.248s] -- Performing Test CMAKE_HAVE_LIBC_PTHREAD
[5.412s] -- Performing Test CMAKE_HAVE_LIBC_PTHREAD - Success
[5.413s] -- Found Threads: TRUE  
[5.480s] -- Found rclcpp_components: 16.0.19 (/opt/ros/humble/share/rclcpp_components/cmake)
[5.522s] -- Found ament_lint_auto: 0.12.15 (/opt/ros/humble/share/ament_lint_auto/cmake)
[5.584s] -- Added test 'copyright' to check source files copyright and LICENSE
[5.586s] -- Added test 'cppcheck' to perform static code analysis on C / C++ code
[5.586s] -- Configured cppcheck include dirs: /home/chenzhibin/My_studyproject/ROS2_Tutorials/chapt2/ros2_ws1/src/src/examples/rclcpp/composition/minimal_composition/include
[5.586s] -- Configured cppcheck exclude dirs and/or files: 
[5.588s] -- Added test 'cpplint' to check C / C++ code against the Google style
[5.588s] -- Configured cpplint exclude dirs and/or files: 
[5.589s] -- Added test 'lint_cmake' to check CMake code style
[5.591s] -- Added test 'uncrustify' to check C / C++ code style
[5.591s] -- Configured uncrustify additional arguments: 
[5.591s] -- Added test 'xmllint' to check XML markup files
[5.593s] -- Configuring done
[5.616s] -- Generating done
[5.622s] -- Build files have been written to: /home/chenzhibin/My_studyproject/ROS2_Tutorials/chapt2/ros2_ws1/build/examples_rclcpp_minimal_composition
[5.633s] Invoked command in '/home/chenzhibin/My_studyproject/ROS2_Tutorials/chapt2/ros2_ws1/build/examples_rclcpp_minimal_composition' returned '0': CMAKE_PREFIX_PATH=/opt/ros/humble /usr/bin/cmake /home/chenzhibin/My_studyproject/ROS2_Tutorials/chapt2/ros2_ws1/src/src/examples/rclcpp/composition/minimal_composition -DCMAKE_INSTALL_PREFIX=/home/chenzhibin/My_studyproject/ROS2_Tutorials/chapt2/ros2_ws1/install/examples_rclcpp_minimal_composition
[5.634s] Invoking command in '/home/chenzhibin/My_studyproject/ROS2_Tutorials/chapt2/ros2_ws1/build/examples_rclcpp_minimal_composition': CMAKE_PREFIX_PATH=/opt/ros/humble /usr/bin/cmake --build /home/chenzhibin/My_studyproject/ROS2_Tutorials/chapt2/ros2_ws1/build/examples_rclcpp_minimal_composition -- -j32 -l32
[5.686s] [ 11%] [32mBuilding CXX object CMakeFiles/composition_nodes.dir/src/publisher_node.cpp.o[0m
[5.687s] [ 22%] [32mBuilding CXX object CMakeFiles/composition_nodes.dir/src/subscriber_node.cpp.o[0m
[281.306s] [01m[Kc++:[m[K [01;31m[Kfatal error: [m[KKilled signal terminated program cc1plus
[281.318s] compilation terminated.
[281.319s] gmake[2]: *** [CMakeFiles/composition_nodes.dir/build.make:90: CMakeFiles/composition_nodes.dir/src/subscriber_node.cpp.o] Error 1
[281.319s] gmake[2]: *** Waiting for unfinished jobs....
[290.001s] gmake[1]: *** [CMakeFiles/Makefile2:143: CMakeFiles/composition_nodes.dir/all] Error 2
[290.014s] gmake: *** [Makefile:146: all] Error 2
[290.213s] Invoked command in '/home/chenzhibin/My_studyproject/ROS2_Tutorials/chapt2/ros2_ws1/build/examples_rclcpp_minimal_composition' returned '2': CMAKE_PREFIX_PATH=/opt/ros/humble /usr/bin/cmake --build /home/chenzhibin/My_studyproject/ROS2_Tutorials/chapt2/ros2_ws1/build/examples_rclcpp_minimal_composition -- -j32 -l32
