[2.493s] Invoking command in '/home/chenzhibin/My_studyproject/ROS2_Tutorials/chapt2/ros2_ws1/src/src/examples/rclpy/actions/minimal_action_server': PYTHONPATH=/home/chenzhibin/My_studyproject/ROS2_Tutorials/chapt2/ros2_ws1/build/examples_rclpy_minimal_action_server/prefix_override:/usr/lib/python3/dist-packages/colcon_core/task/python/colcon_distutils_commands:/home/chenzhibin/My_studyproject/ROS2_Tutorials/chapt2/ros2_ws1/install/examples_rclpy_minimal_action_server/lib/python3.10/site-packages:${PYTHONPATH} /usr/bin/python3 -W ignore:setup.py install is deprecated -W ignore:easy_install command is deprecated setup.py egg_info --egg-base ../../../../../../build/examples_rclpy_minimal_action_server build --build-base /home/chenzhibin/My_studyproject/ROS2_Tutorials/chapt2/ros2_ws1/build/examples_rclpy_minimal_action_server/build install --record /home/chenzhibin/My_studyproject/ROS2_Tutorials/chapt2/ros2_ws1/build/examples_rclpy_minimal_action_server/install.log --single-version-externally-managed install_data
[2.785s] running egg_info
[2.787s] creating ../../../../../../build/examples_rclpy_minimal_action_server/examples_rclpy_minimal_action_server.egg-info
[2.788s] writing ../../../../../../build/examples_rclpy_minimal_action_server/examples_rclpy_minimal_action_server.egg-info/PKG-INFO
[2.788s] writing dependency_links to ../../../../../../build/examples_rclpy_minimal_action_server/examples_rclpy_minimal_action_server.egg-info/dependency_links.txt
[2.789s] writing entry points to ../../../../../../build/examples_rclpy_minimal_action_server/examples_rclpy_minimal_action_server.egg-info/entry_points.txt
[2.789s] writing requirements to ../../../../../../build/examples_rclpy_minimal_action_server/examples_rclpy_minimal_action_server.egg-info/requires.txt
[2.789s] writing top-level names to ../../../../../../build/examples_rclpy_minimal_action_server/examples_rclpy_minimal_action_server.egg-info/top_level.txt
[2.789s] writing manifest file '../../../../../../build/examples_rclpy_minimal_action_server/examples_rclpy_minimal_action_server.egg-info/SOURCES.txt'
[2.790s] reading manifest file '../../../../../../build/examples_rclpy_minimal_action_server/examples_rclpy_minimal_action_server.egg-info/SOURCES.txt'
[2.791s] writing manifest file '../../../../../../build/examples_rclpy_minimal_action_server/examples_rclpy_minimal_action_server.egg-info/SOURCES.txt'
[2.791s] running build
[2.791s] running build_py
[2.792s] creating /home/chenzhibin/My_studyproject/ROS2_Tutorials/chapt2/ros2_ws1/build/examples_rclpy_minimal_action_server/build
[2.792s] creating /home/chenzhibin/My_studyproject/ROS2_Tutorials/chapt2/ros2_ws1/build/examples_rclpy_minimal_action_server/build/lib
[2.792s] creating /home/chenzhibin/My_studyproject/ROS2_Tutorials/chapt2/ros2_ws1/build/examples_rclpy_minimal_action_server/build/lib/examples_rclpy_minimal_action_server
[2.793s] copying examples_rclpy_minimal_action_server/server_single_goal.py -> /home/chenzhibin/My_studyproject/ROS2_Tutorials/chapt2/ros2_ws1/build/examples_rclpy_minimal_action_server/build/lib/examples_rclpy_minimal_action_server
[2.793s] copying examples_rclpy_minimal_action_server/__init__.py -> /home/chenzhibin/My_studyproject/ROS2_Tutorials/chapt2/ros2_ws1/build/examples_rclpy_minimal_action_server/build/lib/examples_rclpy_minimal_action_server
[2.793s] copying examples_rclpy_minimal_action_server/server_not_composable.py -> /home/chenzhibin/My_studyproject/ROS2_Tutorials/chapt2/ros2_ws1/build/examples_rclpy_minimal_action_server/build/lib/examples_rclpy_minimal_action_server
[2.794s] copying examples_rclpy_minimal_action_server/server.py -> /home/chenzhibin/My_studyproject/ROS2_Tutorials/chapt2/ros2_ws1/build/examples_rclpy_minimal_action_server/build/lib/examples_rclpy_minimal_action_server
[2.795s] copying examples_rclpy_minimal_action_server/server_queue_goals.py -> /home/chenzhibin/My_studyproject/ROS2_Tutorials/chapt2/ros2_ws1/build/examples_rclpy_minimal_action_server/build/lib/examples_rclpy_minimal_action_server
[2.795s] copying examples_rclpy_minimal_action_server/server_defer.py -> /home/chenzhibin/My_studyproject/ROS2_Tutorials/chapt2/ros2_ws1/build/examples_rclpy_minimal_action_server/build/lib/examples_rclpy_minimal_action_server
[2.795s] running install
[2.796s] running install_lib
[2.796s] creating /home/chenzhibin/My_studyproject/ROS2_Tutorials/chapt2/ros2_ws1/install/examples_rclpy_minimal_action_server/lib/python3.10/site-packages/examples_rclpy_minimal_action_server
[2.796s] copying /home/chenzhibin/My_studyproject/ROS2_Tutorials/chapt2/ros2_ws1/build/examples_rclpy_minimal_action_server/build/lib/examples_rclpy_minimal_action_server/server_single_goal.py -> /home/chenzhibin/My_studyproject/ROS2_Tutorials/chapt2/ros2_ws1/install/examples_rclpy_minimal_action_server/lib/python3.10/site-packages/examples_rclpy_minimal_action_server
[2.797s] copying /home/chenzhibin/My_studyproject/ROS2_Tutorials/chapt2/ros2_ws1/build/examples_rclpy_minimal_action_server/build/lib/examples_rclpy_minimal_action_server/__init__.py -> /home/chenzhibin/My_studyproject/ROS2_Tutorials/chapt2/ros2_ws1/install/examples_rclpy_minimal_action_server/lib/python3.10/site-packages/examples_rclpy_minimal_action_server
[2.797s] copying /home/chenzhibin/My_studyproject/ROS2_Tutorials/chapt2/ros2_ws1/build/examples_rclpy_minimal_action_server/build/lib/examples_rclpy_minimal_action_server/server_not_composable.py -> /home/chenzhibin/My_studyproject/ROS2_Tutorials/chapt2/ros2_ws1/install/examples_rclpy_minimal_action_server/lib/python3.10/site-packages/examples_rclpy_minimal_action_server
[2.798s] copying /home/chenzhibin/My_studyproject/ROS2_Tutorials/chapt2/ros2_ws1/build/examples_rclpy_minimal_action_server/build/lib/examples_rclpy_minimal_action_server/server.py -> /home/chenzhibin/My_studyproject/ROS2_Tutorials/chapt2/ros2_ws1/install/examples_rclpy_minimal_action_server/lib/python3.10/site-packages/examples_rclpy_minimal_action_server
[2.798s] copying /home/chenzhibin/My_studyproject/ROS2_Tutorials/chapt2/ros2_ws1/build/examples_rclpy_minimal_action_server/build/lib/examples_rclpy_minimal_action_server/server_queue_goals.py -> /home/chenzhibin/My_studyproject/ROS2_Tutorials/chapt2/ros2_ws1/install/examples_rclpy_minimal_action_server/lib/python3.10/site-packages/examples_rclpy_minimal_action_server
[2.798s] copying /home/chenzhibin/My_studyproject/ROS2_Tutorials/chapt2/ros2_ws1/build/examples_rclpy_minimal_action_server/build/lib/examples_rclpy_minimal_action_server/server_defer.py -> /home/chenzhibin/My_studyproject/ROS2_Tutorials/chapt2/ros2_ws1/install/examples_rclpy_minimal_action_server/lib/python3.10/site-packages/examples_rclpy_minimal_action_server
[2.799s] byte-compiling /home/chenzhibin/My_studyproject/ROS2_Tutorials/chapt2/ros2_ws1/install/examples_rclpy_minimal_action_server/lib/python3.10/site-packages/examples_rclpy_minimal_action_server/server_single_goal.py to server_single_goal.cpython-310.pyc
[2.799s] byte-compiling /home/chenzhibin/My_studyproject/ROS2_Tutorials/chapt2/ros2_ws1/install/examples_rclpy_minimal_action_server/lib/python3.10/site-packages/examples_rclpy_minimal_action_server/__init__.py to __init__.cpython-310.pyc
[2.800s] byte-compiling /home/chenzhibin/My_studyproject/ROS2_Tutorials/chapt2/ros2_ws1/install/examples_rclpy_minimal_action_server/lib/python3.10/site-packages/examples_rclpy_minimal_action_server/server_not_composable.py to server_not_composable.cpython-310.pyc
[2.801s] byte-compiling /home/chenzhibin/My_studyproject/ROS2_Tutorials/chapt2/ros2_ws1/install/examples_rclpy_minimal_action_server/lib/python3.10/site-packages/examples_rclpy_minimal_action_server/server.py to server.cpython-310.pyc
[2.801s] byte-compiling /home/chenzhibin/My_studyproject/ROS2_Tutorials/chapt2/ros2_ws1/install/examples_rclpy_minimal_action_server/lib/python3.10/site-packages/examples_rclpy_minimal_action_server/server_queue_goals.py to server_queue_goals.cpython-310.pyc
[2.801s] byte-compiling /home/chenzhibin/My_studyproject/ROS2_Tutorials/chapt2/ros2_ws1/install/examples_rclpy_minimal_action_server/lib/python3.10/site-packages/examples_rclpy_minimal_action_server/server_defer.py to server_defer.cpython-310.pyc
[2.802s] running install_data
[2.802s] creating /home/chenzhibin/My_studyproject/ROS2_Tutorials/chapt2/ros2_ws1/install/examples_rclpy_minimal_action_server/share/ament_index
[2.802s] creating /home/chenzhibin/My_studyproject/ROS2_Tutorials/chapt2/ros2_ws1/install/examples_rclpy_minimal_action_server/share/ament_index/resource_index
[2.802s] creating /home/chenzhibin/My_studyproject/ROS2_Tutorials/chapt2/ros2_ws1/install/examples_rclpy_minimal_action_server/share/ament_index/resource_index/packages
[2.803s] copying resource/examples_rclpy_minimal_action_server -> /home/chenzhibin/My_studyproject/ROS2_Tutorials/chapt2/ros2_ws1/install/examples_rclpy_minimal_action_server/share/ament_index/resource_index/packages
[2.803s] copying package.xml -> /home/chenzhibin/My_studyproject/ROS2_Tutorials/chapt2/ros2_ws1/install/examples_rclpy_minimal_action_server/share/examples_rclpy_minimal_action_server
[2.803s] running install_egg_info
[2.804s] Copying ../../../../../../build/examples_rclpy_minimal_action_server/examples_rclpy_minimal_action_server.egg-info to /home/chenzhibin/My_studyproject/ROS2_Tutorials/chapt2/ros2_ws1/install/examples_rclpy_minimal_action_server/lib/python3.10/site-packages/examples_rclpy_minimal_action_server-0.15.5-py3.10.egg-info
[2.804s] running install_scripts
[2.804s] Installing server script to /home/chenzhibin/My_studyproject/ROS2_Tutorials/chapt2/ros2_ws1/install/examples_rclpy_minimal_action_server/lib/examples_rclpy_minimal_action_server
[2.805s] Installing server_defer script to /home/chenzhibin/My_studyproject/ROS2_Tutorials/chapt2/ros2_ws1/install/examples_rclpy_minimal_action_server/lib/examples_rclpy_minimal_action_server
[2.805s] Installing server_not_composable script to /home/chenzhibin/My_studyproject/ROS2_Tutorials/chapt2/ros2_ws1/install/examples_rclpy_minimal_action_server/lib/examples_rclpy_minimal_action_server
[2.806s] Installing server_queue_goals script to /home/chenzhibin/My_studyproject/ROS2_Tutorials/chapt2/ros2_ws1/install/examples_rclpy_minimal_action_server/lib/examples_rclpy_minimal_action_server
[2.806s] Installing server_single_goal script to /home/chenzhibin/My_studyproject/ROS2_Tutorials/chapt2/ros2_ws1/install/examples_rclpy_minimal_action_server/lib/examples_rclpy_minimal_action_server
[2.806s] writing list of installed files to '/home/chenzhibin/My_studyproject/ROS2_Tutorials/chapt2/ros2_ws1/build/examples_rclpy_minimal_action_server/install.log'
[2.850s] Invoked command in '/home/chenzhibin/My_studyproject/ROS2_Tutorials/chapt2/ros2_ws1/src/src/examples/rclpy/actions/minimal_action_server' returned '0': PYTHONPATH=/home/chenzhibin/My_studyproject/ROS2_Tutorials/chapt2/ros2_ws1/build/examples_rclpy_minimal_action_server/prefix_override:/usr/lib/python3/dist-packages/colcon_core/task/python/colcon_distutils_commands:/home/chenzhibin/My_studyproject/ROS2_Tutorials/chapt2/ros2_ws1/install/examples_rclpy_minimal_action_server/lib/python3.10/site-packages:${PYTHONPATH} /usr/bin/python3 -W ignore:setup.py install is deprecated -W ignore:easy_install command is deprecated setup.py egg_info --egg-base ../../../../../../build/examples_rclpy_minimal_action_server build --build-base /home/chenzhibin/My_studyproject/ROS2_Tutorials/chapt2/ros2_ws1/build/examples_rclpy_minimal_action_server/build install --record /home/chenzhibin/My_studyproject/ROS2_Tutorials/chapt2/ros2_ws1/build/examples_rclpy_minimal_action_server/install.log --single-version-externally-managed install_data
