[3.531s] Invoking command in '/home/chenzhibin/My_studyproject/ROS2_Tutorials/chapt2/ros2_ws1/src/src/examples/rclpy/topics/pointcloud_publisher': PYTHONPATH=/home/chenzhibin/My_studyproject/ROS2_Tutorials/chapt2/ros2_ws1/build/examples_rclpy_pointcloud_publisher/prefix_override:/usr/lib/python3/dist-packages/colcon_core/task/python/colcon_distutils_commands:/home/chenzhibin/My_studyproject/ROS2_Tutorials/chapt2/ros2_ws1/install/examples_rclpy_pointcloud_publisher/lib/python3.10/site-packages:${PYTHONPATH} /usr/bin/python3 -W ignore:setup.py install is deprecated -W ignore:easy_install command is deprecated setup.py egg_info --egg-base ../../../../../../build/examples_rclpy_pointcloud_publisher build --build-base /home/chenzhibin/My_studyproject/ROS2_Tutorials/chapt2/ros2_ws1/build/examples_rclpy_pointcloud_publisher/build install --record /home/chenzhibin/My_studyproject/ROS2_Tutorials/chapt2/ros2_ws1/build/examples_rclpy_pointcloud_publisher/install.log --single-version-externally-managed install_data
[3.755s] running egg_info
[3.756s] writing ../../../../../../build/examples_rclpy_pointcloud_publisher/examples_rclpy_pointcloud_publisher.egg-info/PKG-INFO
[3.757s] writing dependency_links to ../../../../../../build/examples_rclpy_pointcloud_publisher/examples_rclpy_pointcloud_publisher.egg-info/dependency_links.txt
[3.757s] writing entry points to ../../../../../../build/examples_rclpy_pointcloud_publisher/examples_rclpy_pointcloud_publisher.egg-info/entry_points.txt
[3.757s] writing requirements to ../../../../../../build/examples_rclpy_pointcloud_publisher/examples_rclpy_pointcloud_publisher.egg-info/requires.txt
[3.757s] writing top-level names to ../../../../../../build/examples_rclpy_pointcloud_publisher/examples_rclpy_pointcloud_publisher.egg-info/top_level.txt
[3.759s] reading manifest file '../../../../../../build/examples_rclpy_pointcloud_publisher/examples_rclpy_pointcloud_publisher.egg-info/SOURCES.txt'
[3.760s] writing manifest file '../../../../../../build/examples_rclpy_pointcloud_publisher/examples_rclpy_pointcloud_publisher.egg-info/SOURCES.txt'
[3.761s] running build
[3.761s] running build_py
[3.761s] running install
[3.761s] running install_lib
[3.763s] running install_data
[3.763s] running install_egg_info
[3.765s] removing '/home/chenzhibin/My_studyproject/ROS2_Tutorials/chapt2/ros2_ws1/install/examples_rclpy_pointcloud_publisher/lib/python3.10/site-packages/examples_rclpy_pointcloud_publisher-0.15.5-py3.10.egg-info' (and everything under it)
[3.766s] Copying ../../../../../../build/examples_rclpy_pointcloud_publisher/examples_rclpy_pointcloud_publisher.egg-info to /home/chenzhibin/My_studyproject/ROS2_Tutorials/chapt2/ros2_ws1/install/examples_rclpy_pointcloud_publisher/lib/python3.10/site-packages/examples_rclpy_pointcloud_publisher-0.15.5-py3.10.egg-info
[3.770s] running install_scripts
[3.794s] Installing pointcloud_publisher script to /home/chenzhibin/My_studyproject/ROS2_Tutorials/chapt2/ros2_ws1/install/examples_rclpy_pointcloud_publisher/lib/examples_rclpy_pointcloud_publisher
[3.795s] writing list of installed files to '/home/chenzhibin/My_studyproject/ROS2_Tutorials/chapt2/ros2_ws1/build/examples_rclpy_pointcloud_publisher/install.log'
[3.845s] Invoked command in '/home/chenzhibin/My_studyproject/ROS2_Tutorials/chapt2/ros2_ws1/src/src/examples/rclpy/topics/pointcloud_publisher' returned '0': PYTHONPATH=/home/chenzhibin/My_studyproject/ROS2_Tutorials/chapt2/ros2_ws1/build/examples_rclpy_pointcloud_publisher/prefix_override:/usr/lib/python3/dist-packages/colcon_core/task/python/colcon_distutils_commands:/home/chenzhibin/My_studyproject/ROS2_Tutorials/chapt2/ros2_ws1/install/examples_rclpy_pointcloud_publisher/lib/python3.10/site-packages:${PYTHONPATH} /usr/bin/python3 -W ignore:setup.py install is deprecated -W ignore:easy_install command is deprecated setup.py egg_info --egg-base ../../../../../../build/examples_rclpy_pointcloud_publisher build --build-base /home/chenzhibin/My_studyproject/ROS2_Tutorials/chapt2/ros2_ws1/build/examples_rclpy_pointcloud_publisher/build install --record /home/chenzhibin/My_studyproject/ROS2_Tutorials/chapt2/ros2_ws1/build/examples_rclpy_pointcloud_publisher/install.log --single-version-externally-managed install_data
